[DEBUG TrunkCompressor]: precision = 3, bitsTruncated = 13, compressionLevel = 9, dataSize = 10000000
[DEBUG TrunkCompressor]: truncation time = 59 ms
[DEBUG TrunkCompressor]: compression time = 3218 ms
[DEBUG TrunkCompressor]: precision = 3, bitsTruncated = 13, compressionLevel = 9, dataSize = 10000000
[DEBUG TrunkCompressor]: truncation time = 60 ms
[DEBUG TrunkCompressor]: compression time = 3311 ms
[DEBUG TrunkCompressor]: precision = 3, bitsTruncated = 13, compressionLevel = 9, dataSize = 10000000
[DEBUG TrunkCompressor]: truncation time = 56 ms
[DEBUG TrunkCompressor]: compression time = 2993 ms
[DEBUG TrunkCompressor]: precision = 3, bitsTruncated = 13, compressionLevel = 9, dataSize = 10000000
[DEBUG TrunkCompressor]: truncation time = 51 ms
[DEBUG TrunkCompressor]: compression time = 2919 ms
[DEBUG TrunkCompressor]: precision = 3, bitsTruncated = 13, compressionLevel = 9, dataSize = 10000000
[DEBUG TrunkCompressor]: truncation time = 55 ms
[DEBUG TrunkCompressor]: compression time = 3469 ms
[DEBUG TrunkCompressor]: decompression time = 46 ms
[DEBUG TrunkCompressor]: decompression time = 52 ms
[DEBUG TrunkCompressor]: decompression time = 60 ms
[DEBUG TrunkCompressor]: decompression time = 50 ms
[DEBUG TrunkCompressor]: decompression time = 52 ms
[DEBUG SZCompressor]: precision = 3, errorBoundMode = 1, algo = 0, interpAlgo = 0, dataSize = 10000000
[DEBUG SZCompressor]: compression time = 513 ms
[DEBUG SZCompressor]: precision = 3, errorBoundMode = 1, algo = 0, interpAlgo = 0, dataSize = 10000000
[DEBUG SZCompressor]: compression time = 487 ms
[DEBUG SZCompressor]: precision = 3, errorBoundMode = 1, algo = 0, interpAlgo = 0, dataSize = 10000000
[DEBUG SZCompressor]: compression time = 511 ms
[DEBUG SZCompressor]: precision = 3, errorBoundMode = 1, algo = 0, interpAlgo = 0, dataSize = 10000000
[DEBUG SZCompressor]: compression time = 594 ms
[DEBUG SZCompressor]: precision = 3, errorBoundMode = 1, algo = 0, interpAlgo = 0, dataSize = 10000000
[DEBUG SZCompressor]: compression time = 680 ms
[DEBUG SZCompressor]: decompression time = 231 ms
[DEBUG SZCompressor]: decompression time = 230 ms
[DEBUG SZCompressor]: decompression time = 232 ms
[DEBUG SZCompressor]: decompression time = 226 ms
[DEBUG SZCompressor]: decompression time = 243 ms
[DEBUG TrunkCompressor]: precision = 3, bitsTruncated = 13, compressionLevel = 9, dataSize = 10000000
[DEBUG TrunkCompressor]: truncation time = 59 ms
[DEBUG TrunkCompressor]: compression time = 3191 ms
[DEBUG TrunkCompressor]: precision = 3, bitsTruncated = 13, compressionLevel = 9, dataSize = 10000000
[DEBUG TrunkCompressor]: truncation time = 56 ms
[DEBUG TrunkCompressor]: compression time = 2900 ms
[DEBUG TrunkCompressor]: precision = 3, bitsTruncated = 13, compressionLevel = 9, dataSize = 10000000
[DEBUG TrunkCompressor]: truncation time = 55 ms
[DEBUG TrunkCompressor]: compression time = 3108 ms
[DEBUG TrunkCompressor]: precision = 3, bitsTruncated = 13, compressionLevel = 9, dataSize = 10000000
[DEBUG TrunkCompressor]: truncation time = 55 ms
[DEBUG TrunkCompressor]: compression time = 3090 ms
[DEBUG TrunkCompressor]: precision = 3, bitsTruncated = 13, compressionLevel = 9, dataSize = 10000000
[DEBUG TrunkCompressor]: truncation time = 60 ms
[DEBUG TrunkCompressor]: compression time = 3145 ms
[DEBUG TrunkCompressor]: decompression time = 43 ms
[DEBUG TrunkCompressor]: decompression time = 47 ms
[DEBUG TrunkCompressor]: decompression time = 45 ms
[DEBUG TrunkCompressor]: decompression time = 46 ms
[DEBUG TrunkCompressor]: decompression time = 44 ms
[DEBUG SZCompressor]: precision = 3, errorBoundMode = 1, algo = 0, interpAlgo = 1, dataSize = 10000000
[DEBUG SZCompressor]: compression time = 509 ms
[DEBUG SZCompressor]: precision = 3, errorBoundMode = 1, algo = 0, interpAlgo = 1, dataSize = 10000000
[DEBUG SZCompressor]: compression time = 577 ms
[DEBUG SZCompressor]: precision = 3, errorBoundMode = 1, algo = 0, interpAlgo = 1, dataSize = 10000000
[DEBUG SZCompressor]: compression time = 563 ms
[DEBUG SZCompressor]: precision = 3, errorBoundMode = 1, algo = 0, interpAlgo = 1, dataSize = 10000000
[DEBUG SZCompressor]: compression time = 535 ms
[DEBUG SZCompressor]: precision = 3, errorBoundMode = 1, algo = 0, interpAlgo = 1, dataSize = 10000000
[DEBUG SZCompressor]: compression time = 570 ms
[DEBUG SZCompressor]: decompression time = 235 ms
[DEBUG SZCompressor]: decompression time = 237 ms
[DEBUG SZCompressor]: decompression time = 253 ms
[DEBUG SZCompressor]: decompression time = 248 ms
[DEBUG SZCompressor]: decompression time = 233 ms
[DEBUG TrunkCompressor]: precision = 3, bitsTruncated = 13, compressionLevel = 9, dataSize = 10000000
[DEBUG TrunkCompressor]: truncation time = 56 ms
[DEBUG TrunkCompressor]: compression time = 2946 ms
[DEBUG TrunkCompressor]: precision = 3, bitsTruncated = 13, compressionLevel = 9, dataSize = 10000000
[DEBUG TrunkCompressor]: truncation time = 56 ms
[DEBUG TrunkCompressor]: compression time = 3090 ms
[DEBUG TrunkCompressor]: precision = 3, bitsTruncated = 13, compressionLevel = 9, dataSize = 10000000
[DEBUG TrunkCompressor]: truncation time = 57 ms
[DEBUG TrunkCompressor]: compression time = 2956 ms
[DEBUG TrunkCompressor]: precision = 3, bitsTruncated = 13, compressionLevel = 9, dataSize = 10000000
[DEBUG TrunkCompressor]: truncation time = 56 ms
[DEBUG TrunkCompressor]: compression time = 2873 ms
[DEBUG TrunkCompressor]: precision = 3, bitsTruncated = 13, compressionLevel = 9, dataSize = 10000000
[DEBUG TrunkCompressor]: truncation time = 51 ms
[DEBUG TrunkCompressor]: compression time = 2996 ms
[DEBUG TrunkCompressor]: decompression time = 52 ms
[DEBUG TrunkCompressor]: decompression time = 43 ms
[DEBUG TrunkCompressor]: decompression time = 42 ms
[DEBUG TrunkCompressor]: decompression time = 42 ms
[DEBUG TrunkCompressor]: decompression time = 42 ms
[DEBUG SZCompressor]: precision = 3, errorBoundMode = 1, algo = 1, interpAlgo = 0, dataSize = 10000000
[DEBUG SZCompressor]: compression time = 475 ms
[DEBUG SZCompressor]: precision = 3, errorBoundMode = 1, algo = 1, interpAlgo = 0, dataSize = 10000000
[DEBUG SZCompressor]: compression time = 492 ms
[DEBUG SZCompressor]: precision = 3, errorBoundMode = 1, algo = 1, interpAlgo = 0, dataSize = 10000000
[DEBUG SZCompressor]: compression time = 467 ms
[DEBUG SZCompressor]: precision = 3, errorBoundMode = 1, algo = 1, interpAlgo = 0, dataSize = 10000000
[DEBUG SZCompressor]: compression time = 491 ms
[DEBUG SZCompressor]: precision = 3, errorBoundMode = 1, algo = 1, interpAlgo = 0, dataSize = 10000000
[DEBUG SZCompressor]: compression time = 484 ms
[DEBUG SZCompressor]: decompression time = 224 ms
[DEBUG SZCompressor]: decompression time = 233 ms
[DEBUG SZCompressor]: decompression time = 251 ms
[DEBUG SZCompressor]: decompression time = 244 ms
[DEBUG SZCompressor]: decompression time = 239 ms
[DEBUG TrunkCompressor]: precision = 3, bitsTruncated = 13, compressionLevel = 9, dataSize = 10000000
[DEBUG TrunkCompressor]: truncation time = 64 ms
[DEBUG TrunkCompressor]: compression time = 2940 ms
[DEBUG TrunkCompressor]: precision = 3, bitsTruncated = 13, compressionLevel = 9, dataSize = 10000000
[DEBUG TrunkCompressor]: truncation time = 59 ms
[DEBUG TrunkCompressor]: compression time = 2951 ms
[DEBUG TrunkCompressor]: precision = 3, bitsTruncated = 13, compressionLevel = 9, dataSize = 10000000
[DEBUG TrunkCompressor]: truncation time = 57 ms
[DEBUG TrunkCompressor]: compression time = 3031 ms
[DEBUG TrunkCompressor]: precision = 3, bitsTruncated = 13, compressionLevel = 9, dataSize = 10000000
[DEBUG TrunkCompressor]: truncation time = 57 ms
[DEBUG TrunkCompressor]: compression time = 3350 ms
[DEBUG TrunkCompressor]: precision = 3, bitsTruncated = 13, compressionLevel = 9, dataSize = 10000000
[DEBUG TrunkCompressor]: truncation time = 52 ms
[DEBUG TrunkCompressor]: compression time = 3029 ms
[DEBUG TrunkCompressor]: decompression time = 45 ms
[DEBUG TrunkCompressor]: decompression time = 45 ms
[DEBUG TrunkCompressor]: decompression time = 46 ms
[DEBUG TrunkCompressor]: decompression time = 45 ms
[DEBUG TrunkCompressor]: decompression time = 45 ms
[DEBUG SZCompressor]: precision = 3, errorBoundMode = 1, algo = 1, interpAlgo = 1, dataSize = 10000000
[DEBUG SZCompressor]: compression time = 533 ms
[DEBUG SZCompressor]: precision = 3, errorBoundMode = 1, algo = 1, interpAlgo = 1, dataSize = 10000000
[DEBUG SZCompressor]: compression time = 487 ms
[DEBUG SZCompressor]: precision = 3, errorBoundMode = 1, algo = 1, interpAlgo = 1, dataSize = 10000000
[DEBUG SZCompressor]: compression time = 478 ms
[DEBUG SZCompressor]: precision = 3, errorBoundMode = 1, algo = 1, interpAlgo = 1, dataSize = 10000000
[DEBUG SZCompressor]: compression time = 489 ms
[DEBUG SZCompressor]: precision = 3, errorBoundMode = 1, algo = 1, interpAlgo = 1, dataSize = 10000000
[DEBUG SZCompressor]: compression time = 523 ms
[DEBUG SZCompressor]: decompression time = 313 ms
[DEBUG SZCompressor]: decompression time = 248 ms
[DEBUG SZCompressor]: decompression time = 254 ms
[DEBUG SZCompressor]: decompression time = 233 ms
[DEBUG SZCompressor]: decompression time = 229 ms
[DEBUG TrunkCompressor]: precision = 3, bitsTruncated = 13, compressionLevel = 9, dataSize = 10000000
[DEBUG TrunkCompressor]: truncation time = 55 ms
[DEBUG TrunkCompressor]: compression time = 2968 ms
[DEBUG TrunkCompressor]: precision = 3, bitsTruncated = 13, compressionLevel = 9, dataSize = 10000000
[DEBUG TrunkCompressor]: truncation time = 62 ms
[DEBUG TrunkCompressor]: compression time = 2832 ms
[DEBUG TrunkCompressor]: precision = 3, bitsTruncated = 13, compressionLevel = 9, dataSize = 10000000
[DEBUG TrunkCompressor]: truncation time = 55 ms
[DEBUG TrunkCompressor]: compression time = 2873 ms
[DEBUG TrunkCompressor]: precision = 3, bitsTruncated = 13, compressionLevel = 9, dataSize = 10000000
[DEBUG TrunkCompressor]: truncation time = 65 ms
[DEBUG TrunkCompressor]: compression time = 2908 ms
[DEBUG TrunkCompressor]: precision = 3, bitsTruncated = 13, compressionLevel = 9, dataSize = 10000000
[DEBUG TrunkCompressor]: truncation time = 52 ms
[DEBUG TrunkCompressor]: compression time = 3028 ms
[DEBUG TrunkCompressor]: decompression time = 41 ms
[DEBUG TrunkCompressor]: decompression time = 46 ms
[DEBUG TrunkCompressor]: decompression time = 67 ms
[DEBUG TrunkCompressor]: decompression time = 55 ms
[DEBUG TrunkCompressor]: decompression time = 42 ms
[DEBUG SZCompressor]: precision = 3, errorBoundMode = 1, algo = 2, interpAlgo = 0, dataSize = 10000000
[DEBUG SZCompressor]: compression time = 586 ms
[DEBUG SZCompressor]: precision = 3, errorBoundMode = 1, algo = 2, interpAlgo = 0, dataSize = 10000000
[DEBUG SZCompressor]: compression time = 493 ms
[DEBUG SZCompressor]: precision = 3, errorBoundMode = 1, algo = 2, interpAlgo = 0, dataSize = 10000000
[DEBUG SZCompressor]: compression time = 486 ms
[DEBUG SZCompressor]: precision = 3, errorBoundMode = 1, algo = 2, interpAlgo = 0, dataSize = 10000000
[DEBUG SZCompressor]: compression time = 616 ms
[DEBUG SZCompressor]: precision = 3, errorBoundMode = 1, algo = 2, interpAlgo = 0, dataSize = 10000000
[DEBUG SZCompressor]: compression time = 577 ms
[DEBUG SZCompressor]: decompression time = 234 ms
[DEBUG SZCompressor]: decompression time = 249 ms
[DEBUG SZCompressor]: decompression time = 237 ms
[DEBUG SZCompressor]: decompression time = 239 ms
[DEBUG SZCompressor]: decompression time = 236 ms
[DEBUG TrunkCompressor]: precision = 3, bitsTruncated = 13, compressionLevel = 9, dataSize = 10000000
[DEBUG TrunkCompressor]: truncation time = 60 ms
[DEBUG TrunkCompressor]: compression time = 2947 ms
[DEBUG TrunkCompressor]: precision = 3, bitsTruncated = 13, compressionLevel = 9, dataSize = 10000000
[DEBUG TrunkCompressor]: truncation time = 71 ms
[DEBUG TrunkCompressor]: compression time = 2996 ms
[DEBUG TrunkCompressor]: precision = 3, bitsTruncated = 13, compressionLevel = 9, dataSize = 10000000
[DEBUG TrunkCompressor]: truncation time = 53 ms
[DEBUG TrunkCompressor]: compression time = 2920 ms
[DEBUG TrunkCompressor]: precision = 3, bitsTruncated = 13, compressionLevel = 9, dataSize = 10000000
[DEBUG TrunkCompressor]: truncation time = 51 ms
[DEBUG TrunkCompressor]: compression time = 2928 ms
[DEBUG TrunkCompressor]: precision = 3, bitsTruncated = 13, compressionLevel = 9, dataSize = 10000000
[DEBUG TrunkCompressor]: truncation time = 58 ms
[DEBUG TrunkCompressor]: compression time = 2951 ms
[DEBUG TrunkCompressor]: decompression time = 42 ms
[DEBUG TrunkCompressor]: decompression time = 43 ms
[DEBUG TrunkCompressor]: decompression time = 43 ms
[DEBUG TrunkCompressor]: decompression time = 42 ms
[DEBUG TrunkCompressor]: decompression time = 41 ms
[DEBUG SZCompressor]: precision = 3, errorBoundMode = 1, algo = 2, interpAlgo = 1, dataSize = 10000000
[DEBUG SZCompressor]: compression time = 487 ms
[DEBUG SZCompressor]: precision = 3, errorBoundMode = 1, algo = 2, interpAlgo = 1, dataSize = 10000000
[DEBUG SZCompressor]: compression time = 482 ms
[DEBUG SZCompressor]: precision = 3, errorBoundMode = 1, algo = 2, interpAlgo = 1, dataSize = 10000000
[DEBUG SZCompressor]: compression time = 490 ms
[DEBUG SZCompressor]: precision = 3, errorBoundMode = 1, algo = 2, interpAlgo = 1, dataSize = 10000000
[DEBUG SZCompressor]: compression time = 480 ms
[DEBUG SZCompressor]: precision = 3, errorBoundMode = 1, algo = 2, interpAlgo = 1, dataSize = 10000000
[DEBUG SZCompressor]: compression time = 471 ms
[DEBUG SZCompressor]: decompression time = 236 ms
[DEBUG SZCompressor]: decompression time = 230 ms
[DEBUG SZCompressor]: decompression time = 252 ms
[DEBUG SZCompressor]: decompression time = 283 ms
[DEBUG SZCompressor]: decompression time = 234 ms
[DEBUG TrunkCompressor]: precision = 3, bitsTruncated = 13, compressionLevel = 9, dataSize = 10000000
[DEBUG TrunkCompressor]: truncation time = 58 ms
[DEBUG TrunkCompressor]: compression time = 2944 ms
[DEBUG TrunkCompressor]: precision = 3, bitsTruncated = 13, compressionLevel = 9, dataSize = 10000000
[DEBUG TrunkCompressor]: truncation time = 63 ms
[DEBUG TrunkCompressor]: compression time = 2914 ms
[DEBUG TrunkCompressor]: precision = 3, bitsTruncated = 13, compressionLevel = 9, dataSize = 10000000
[DEBUG TrunkCompressor]: truncation time = 54 ms
[DEBUG TrunkCompressor]: compression time = 2922 ms
[DEBUG TrunkCompressor]: precision = 3, bitsTruncated = 13, compressionLevel = 9, dataSize = 10000000
[DEBUG TrunkCompressor]: truncation time = 60 ms
[DEBUG TrunkCompressor]: compression time = 2896 ms
[DEBUG TrunkCompressor]: precision = 3, bitsTruncated = 13, compressionLevel = 9, dataSize = 10000000
[DEBUG TrunkCompressor]: truncation time = 52 ms
[DEBUG TrunkCompressor]: compression time = 3040 ms
[DEBUG TrunkCompressor]: decompression time = 42 ms
[DEBUG TrunkCompressor]: decompression time = 46 ms
[DEBUG TrunkCompressor]: decompression time = 52 ms
[DEBUG TrunkCompressor]: decompression time = 46 ms
[DEBUG TrunkCompressor]: decompression time = 50 ms
[DEBUG SZCompressor]: precision = 3, errorBoundMode = 1, algo = 3, interpAlgo = 0, dataSize = 10000000
[DEBUG SZCompressor]: compression time = 507 ms
[DEBUG SZCompressor]: precision = 3, errorBoundMode = 1, algo = 3, interpAlgo = 0, dataSize = 10000000
[DEBUG SZCompressor]: compression time = 500 ms
[DEBUG SZCompressor]: precision = 3, errorBoundMode = 1, algo = 3, interpAlgo = 0, dataSize = 10000000
[DEBUG SZCompressor]: compression time = 516 ms
[DEBUG SZCompressor]: precision = 3, errorBoundMode = 1, algo = 3, interpAlgo = 0, dataSize = 10000000
[DEBUG SZCompressor]: compression time = 489 ms
[DEBUG SZCompressor]: precision = 3, errorBoundMode = 1, algo = 3, interpAlgo = 0, dataSize = 10000000
[DEBUG SZCompressor]: compression time = 470 ms
[DEBUG SZCompressor]: decompression time = 230 ms
[DEBUG SZCompressor]: decompression time = 298 ms
[DEBUG SZCompressor]: decompression time = 239 ms
[DEBUG SZCompressor]: decompression time = 234 ms
[DEBUG SZCompressor]: decompression time = 233 ms
[DEBUG TrunkCompressor]: precision = 3, bitsTruncated = 13, compressionLevel = 9, dataSize = 10000000
[DEBUG TrunkCompressor]: truncation time = 54 ms
[DEBUG TrunkCompressor]: compression time = 3044 ms
[DEBUG TrunkCompressor]: precision = 3, bitsTruncated = 13, compressionLevel = 9, dataSize = 10000000
[DEBUG TrunkCompressor]: truncation time = 56 ms
[DEBUG TrunkCompressor]: compression time = 2841 ms
[DEBUG TrunkCompressor]: precision = 3, bitsTruncated = 13, compressionLevel = 9, dataSize = 10000000
[DEBUG TrunkCompressor]: truncation time = 65 ms
[DEBUG TrunkCompressor]: compression time = 2879 ms
[DEBUG TrunkCompressor]: precision = 3, bitsTruncated = 13, compressionLevel = 9, dataSize = 10000000
[DEBUG TrunkCompressor]: truncation time = 52 ms
[DEBUG TrunkCompressor]: compression time = 2888 ms
[DEBUG TrunkCompressor]: precision = 3, bitsTruncated = 13, compressionLevel = 9, dataSize = 10000000
[DEBUG TrunkCompressor]: truncation time = 56 ms
[DEBUG TrunkCompressor]: compression time = 2939 ms
[DEBUG TrunkCompressor]: decompression time = 43 ms
[DEBUG TrunkCompressor]: decompression time = 46 ms
[DEBUG TrunkCompressor]: decompression time = 42 ms
[DEBUG TrunkCompressor]: decompression time = 55 ms
[DEBUG TrunkCompressor]: decompression time = 43 ms
[DEBUG SZCompressor]: precision = 3, errorBoundMode = 1, algo = 3, interpAlgo = 1, dataSize = 10000000
[DEBUG SZCompressor]: compression time = 487 ms
[DEBUG SZCompressor]: precision = 3, errorBoundMode = 1, algo = 3, interpAlgo = 1, dataSize = 10000000
[DEBUG SZCompressor]: compression time = 483 ms
[DEBUG SZCompressor]: precision = 3, errorBoundMode = 1, algo = 3, interpAlgo = 1, dataSize = 10000000
[DEBUG SZCompressor]: compression time = 461 ms
[DEBUG SZCompressor]: precision = 3, errorBoundMode = 1, algo = 3, interpAlgo = 1, dataSize = 10000000
[DEBUG SZCompressor]: compression time = 511 ms
[DEBUG SZCompressor]: precision = 3, errorBoundMode = 1, algo = 3, interpAlgo = 1, dataSize = 10000000
[DEBUG SZCompressor]: compression time = 510 ms
[DEBUG SZCompressor]: decompression time = 264 ms
[DEBUG SZCompressor]: decompression time = 258 ms
[DEBUG SZCompressor]: decompression time = 253 ms
[DEBUG SZCompressor]: decompression time = 232 ms
[DEBUG SZCompressor]: decompression time = 236 ms
