Parameters:
  doTrunk: 1
  doSZ: 0
  iterations: 5
  precision: 3
  debug: 1
  dataMB: 0.1
  dataSource: normal
  seed: 12345
  mean: 0
  stddev: 1
  trunkCompressionLevel: 9
  szErrorBoundMode: 1
  szAlgo: 0
  szInterpAlgo: 0
  host: Morgana
  timestamp: 1745379535045788664

[DEBUG TrunkCompressor]: precision = 3, bitsTruncated = 13, compressionLevel = 9, dataSize = 100000
[DEBUG TrunkCompressor]: truncation time = 0 ms
[DEBUG TrunkCompressor]: compression time = 20 ms
[DEBUG TrunkCompressor]: precision = 3, bitsTruncated = 13, compressionLevel = 9, dataSize = 100000
[DEBUG TrunkCompressor]: truncation time = 0 ms
[DEBUG TrunkCompressor]: compression time = 22 ms
[DEBUG TrunkCompressor]: precision = 3, bitsTruncated = 13, compressionLevel = 9, dataSize = 100000
[DEBUG TrunkCompressor]: truncation time = 0 ms
[DEBUG TrunkCompressor]: compression time = 21 ms
[DEBUG TrunkCompressor]: precision = 3, bitsTruncated = 13, compressionLevel = 9, dataSize = 100000
[DEBUG TrunkCompressor]: truncation time = 0 ms
[DEBUG TrunkCompressor]: compression time = 20 ms
[DEBUG TrunkCompressor]: precision = 3, bitsTruncated = 13, compressionLevel = 9, dataSize = 100000
[DEBUG TrunkCompressor]: truncation time = 0 ms
[DEBUG TrunkCompressor]: compression time = 21 ms
[DEBUG TrunkCompressor]: decompression time = 0 ms
[DEBUG TrunkCompressor]: decompression time = 0 ms
[DEBUG TrunkCompressor]: decompression time = 0 ms
[DEBUG TrunkCompressor]: decompression time = 0 ms
[DEBUG TrunkCompressor]: decompression time = 0 ms
[DEBUG benchmark] Compressor: Trunk
[DEBUG benchmark] Compression time: 21.6 ms
[DEBUG benchmark] Decompression time: 1.39062e-310 ms
[DEBUG benchmark] Compression ratio: 1.6917
[DEBUG benchmark] Compressed data size: 59 KB
[DEBUG benchmark] Original data size: 100 KB
Parameters:
  doTrunk: 0
  doSZ: 1
  iterations: 5
  precision: 3
  debug: 1
  dataMB: 0.1
  dataSource: normal
  seed: 12345
  mean: 0
  stddev: 1
  trunkCompressionLevel: 9
  szErrorBoundMode: 1
  szAlgo: 0
  szInterpAlgo: 0
  host: Morgana
  timestamp: 1745379535164102999

[DEBUG SZCompressor]: precision = 3, errorBoundMode = 1, algo = 0, interpAlgo = 0, dataSize = 100000
[DEBUG SZCompressor]: compression time = 8 ms
[DEBUG SZCompressor]: precision = 3, errorBoundMode = 1, algo = 0, interpAlgo = 0, dataSize = 100000
[DEBUG SZCompressor]: compression time = 6 ms
[DEBUG SZCompressor]: precision = 3, errorBoundMode = 1, algo = 0, interpAlgo = 0, dataSize = 100000
[DEBUG SZCompressor]: compression time = 6 ms
[DEBUG SZCompressor]: precision = 3, errorBoundMode = 1, algo = 0, interpAlgo = 0, dataSize = 100000
[DEBUG SZCompressor]: compression time = 6 ms
[DEBUG SZCompressor]: precision = 3, errorBoundMode = 1, algo = 0, interpAlgo = 0, dataSize = 100000
[DEBUG SZCompressor]: compression time = 6 ms
[DEBUG SZCompressor]: decompression time = 4 ms
[DEBUG SZCompressor]: decompression time = 4 ms
[DEBUG SZCompressor]: decompression time = 4 ms
[DEBUG SZCompressor]: decompression time = 4 ms
[DEBUG SZCompressor]: decompression time = 4 ms
[DEBUG benchmark] Compressor: SZ
[DEBUG benchmark] Compression time: 6.4 ms
[DEBUG benchmark] Decompression time: 4.2 ms
[DEBUG benchmark] Compression ratio: 2.56476
[DEBUG benchmark] Compressed data size: 38 KB
[DEBUG benchmark] Original data size: 100 KB
Parameters:
  doTrunk: 0
  doSZ: 1
  iterations: 5
  precision: 3
  debug: 1
  dataMB: 0.1
  dataSource: normal
  seed: 12345
  mean: 0
  stddev: 1
  trunkCompressionLevel: 9
  szErrorBoundMode: 1
  szAlgo: 0
  szInterpAlgo: 1
  host: Morgana
  timestamp: 1745379535227054210

[DEBUG SZCompressor]: precision = 3, errorBoundMode = 1, algo = 0, interpAlgo = 1, dataSize = 100000
[DEBUG SZCompressor]: compression time = 7 ms
[DEBUG SZCompressor]: precision = 3, errorBoundMode = 1, algo = 0, interpAlgo = 1, dataSize = 100000
[DEBUG SZCompressor]: compression time = 7 ms
[DEBUG SZCompressor]: precision = 3, errorBoundMode = 1, algo = 0, interpAlgo = 1, dataSize = 100000
[DEBUG SZCompressor]: compression time = 6 ms
[DEBUG SZCompressor]: precision = 3, errorBoundMode = 1, algo = 0, interpAlgo = 1, dataSize = 100000
[DEBUG SZCompressor]: compression time = 6 ms
[DEBUG SZCompressor]: precision = 3, errorBoundMode = 1, algo = 0, interpAlgo = 1, dataSize = 100000
[DEBUG SZCompressor]: compression time = 6 ms
[DEBUG SZCompressor]: decompression time = 4 ms
[DEBUG SZCompressor]: decompression time = 4 ms
[DEBUG SZCompressor]: decompression time = 4 ms
[DEBUG SZCompressor]: decompression time = 4 ms
[DEBUG SZCompressor]: decompression time = 4 ms
[DEBUG benchmark] Compressor: SZ
[DEBUG benchmark] Compression time: 6.4 ms
[DEBUG benchmark] Decompression time: 4 ms
[DEBUG benchmark] Compression ratio: 2.56476
[DEBUG benchmark] Compressed data size: 38 KB
[DEBUG benchmark] Original data size: 100 KB
Parameters:
  doTrunk: 0
  doSZ: 1
  iterations: 5
  precision: 3
  debug: 1
  dataMB: 0.1
  dataSource: normal
  seed: 12345
  mean: 0
  stddev: 1
  trunkCompressionLevel: 9
  szErrorBoundMode: 1
  szAlgo: 1
  szInterpAlgo: 0
  host: Morgana
  timestamp: 1745379535290703592

[DEBUG SZCompressor]: precision = 3, errorBoundMode = 1, algo = 1, interpAlgo = 0, dataSize = 100000
[DEBUG SZCompressor]: compression time = 7 ms
[DEBUG SZCompressor]: precision = 3, errorBoundMode = 1, algo = 1, interpAlgo = 0, dataSize = 100000
[DEBUG SZCompressor]: compression time = 7 ms
[DEBUG SZCompressor]: precision = 3, errorBoundMode = 1, algo = 1, interpAlgo = 0, dataSize = 100000
[DEBUG SZCompressor]: compression time = 7 ms
[DEBUG SZCompressor]: precision = 3, errorBoundMode = 1, algo = 1, interpAlgo = 0, dataSize = 100000
[DEBUG SZCompressor]: compression time = 7 ms
[DEBUG SZCompressor]: precision = 3, errorBoundMode = 1, algo = 1, interpAlgo = 0, dataSize = 100000
[DEBUG SZCompressor]: compression time = 7 ms
[DEBUG SZCompressor]: decompression time = 2 ms
[DEBUG SZCompressor]: decompression time = 2 ms
[DEBUG SZCompressor]: decompression time = 2 ms
[DEBUG SZCompressor]: decompression time = 2 ms
[DEBUG SZCompressor]: decompression time = 2 ms
[DEBUG benchmark] Compressor: SZ
[DEBUG benchmark] Compression time: 7.2 ms
[DEBUG benchmark] Decompression time: 2 ms
[DEBUG benchmark] Compression ratio: 2.35682
[DEBUG benchmark] Compressed data size: 42 KB
[DEBUG benchmark] Original data size: 100 KB
Parameters:
  doTrunk: 0
  doSZ: 1
  iterations: 5
  precision: 3
  debug: 1
  dataMB: 0.1
  dataSource: normal
  seed: 12345
  mean: 0
  stddev: 1
  trunkCompressionLevel: 9
  szErrorBoundMode: 1
  szAlgo: 1
  szInterpAlgo: 1
  host: Morgana
  timestamp: 1745379535345205816

[DEBUG SZCompressor]: precision = 3, errorBoundMode = 1, algo = 1, interpAlgo = 1, dataSize = 100000
[DEBUG SZCompressor]: compression time = 7 ms
[DEBUG SZCompressor]: precision = 3, errorBoundMode = 1, algo = 1, interpAlgo = 1, dataSize = 100000
[DEBUG SZCompressor]: compression time = 7 ms
[DEBUG SZCompressor]: precision = 3, errorBoundMode = 1, algo = 1, interpAlgo = 1, dataSize = 100000
[DEBUG SZCompressor]: compression time = 7 ms
[DEBUG SZCompressor]: precision = 3, errorBoundMode = 1, algo = 1, interpAlgo = 1, dataSize = 100000
[DEBUG SZCompressor]: compression time = 7 ms
[DEBUG SZCompressor]: precision = 3, errorBoundMode = 1, algo = 1, interpAlgo = 1, dataSize = 100000
[DEBUG SZCompressor]: compression time = 7 ms
[DEBUG SZCompressor]: decompression time = 2 ms
[DEBUG SZCompressor]: decompression time = 2 ms
[DEBUG SZCompressor]: decompression time = 2 ms
[DEBUG SZCompressor]: decompression time = 2 ms
[DEBUG SZCompressor]: decompression time = 2 ms
[DEBUG benchmark] Compressor: SZ
[DEBUG benchmark] Compression time: 7.2 ms
[DEBUG benchmark] Decompression time: 2 ms
[DEBUG benchmark] Compression ratio: 2.35682
[DEBUG benchmark] Compressed data size: 42 KB
[DEBUG benchmark] Original data size: 100 KB
Parameters:
  doTrunk: 0
  doSZ: 1
  iterations: 5
  precision: 3
  debug: 1
  dataMB: 0.1
  dataSource: normal
  seed: 12345
  mean: 0
  stddev: 1
  trunkCompressionLevel: 9
  szErrorBoundMode: 1
  szAlgo: 2
  szInterpAlgo: 0
  host: Morgana
  timestamp: 1745379535399914667

[DEBUG SZCompressor]: precision = 3, errorBoundMode = 1, algo = 2, interpAlgo = 0, dataSize = 100000
[DEBUG SZCompressor]: compression time = 3 ms
[DEBUG SZCompressor]: precision = 3, errorBoundMode = 1, algo = 2, interpAlgo = 0, dataSize = 100000
[DEBUG SZCompressor]: compression time = 3 ms
[DEBUG SZCompressor]: precision = 3, errorBoundMode = 1, algo = 2, interpAlgo = 0, dataSize = 100000
[DEBUG SZCompressor]: compression time = 2 ms
[DEBUG SZCompressor]: precision = 3, errorBoundMode = 1, algo = 2, interpAlgo = 0, dataSize = 100000
[DEBUG SZCompressor]: compression time = 2 ms
[DEBUG SZCompressor]: precision = 3, errorBoundMode = 1, algo = 2, interpAlgo = 0, dataSize = 100000
[DEBUG SZCompressor]: compression time = 2 ms
[DEBUG SZCompressor]: decompression time = 2 ms
[DEBUG SZCompressor]: decompression time = 2 ms
[DEBUG SZCompressor]: decompression time = 2 ms
[DEBUG SZCompressor]: decompression time = 2 ms
[DEBUG SZCompressor]: decompression time = 2 ms
[DEBUG benchmark] Compressor: SZ
[DEBUG benchmark] Compression time: 2.6 ms
[DEBUG benchmark] Decompression time: 2 ms
[DEBUG benchmark] Compression ratio: 2.35682
[DEBUG benchmark] Compressed data size: 42 KB
[DEBUG benchmark] Original data size: 100 KB
Parameters:
  doTrunk: 0
  doSZ: 1
  iterations: 5
  precision: 3
  debug: 1
  dataMB: 0.1
  dataSource: normal
  seed: 12345
  mean: 0
  stddev: 1
  trunkCompressionLevel: 9
  szErrorBoundMode: 1
  szAlgo: 2
  szInterpAlgo: 1
  host: Morgana
  timestamp: 1745379535431773703

[DEBUG SZCompressor]: precision = 3, errorBoundMode = 1, algo = 2, interpAlgo = 1, dataSize = 100000
[DEBUG SZCompressor]: compression time = 3 ms
[DEBUG SZCompressor]: precision = 3, errorBoundMode = 1, algo = 2, interpAlgo = 1, dataSize = 100000
[DEBUG SZCompressor]: compression time = 3 ms
[DEBUG SZCompressor]: precision = 3, errorBoundMode = 1, algo = 2, interpAlgo = 1, dataSize = 100000
[DEBUG SZCompressor]: compression time = 2 ms
[DEBUG SZCompressor]: precision = 3, errorBoundMode = 1, algo = 2, interpAlgo = 1, dataSize = 100000
[DEBUG SZCompressor]: compression time = 2 ms
[DEBUG SZCompressor]: precision = 3, errorBoundMode = 1, algo = 2, interpAlgo = 1, dataSize = 100000
[DEBUG SZCompressor]: compression time = 2 ms
[DEBUG SZCompressor]: decompression time = 2 ms
[DEBUG SZCompressor]: decompression time = 2 ms
[DEBUG SZCompressor]: decompression time = 2 ms
[DEBUG SZCompressor]: decompression time = 2 ms
[DEBUG SZCompressor]: decompression time = 2 ms
[DEBUG benchmark] Compressor: SZ
[DEBUG benchmark] Compression time: 2.8 ms
[DEBUG benchmark] Decompression time: 2 ms
[DEBUG benchmark] Compression ratio: 2.3115
[DEBUG benchmark] Compressed data size: 43 KB
[DEBUG benchmark] Original data size: 100 KB
Parameters:
  doTrunk: 0
  doSZ: 1
  iterations: 5
  precision: 3
  debug: 1
  dataMB: 0.1
  dataSource: normal
  seed: 12345
  mean: 0
  stddev: 1
  trunkCompressionLevel: 9
  szErrorBoundMode: 1
  szAlgo: 3
  szInterpAlgo: 0
  host: Morgana
  timestamp: 1745379535463903395

[DEBUG SZCompressor]: precision = 3, errorBoundMode = 1, algo = 3, interpAlgo = 0, dataSize = 100000
[DEBUG SZCompressor]: compression time = 2 ms
[DEBUG SZCompressor]: precision = 3, errorBoundMode = 1, algo = 3, interpAlgo = 0, dataSize = 100000
[DEBUG SZCompressor]: compression time = 2 ms
[DEBUG SZCompressor]: precision = 3, errorBoundMode = 1, algo = 3, interpAlgo = 0, dataSize = 100000
[DEBUG SZCompressor]: compression time = 2 ms
[DEBUG SZCompressor]: precision = 3, errorBoundMode = 1, algo = 3, interpAlgo = 0, dataSize = 100000
[DEBUG SZCompressor]: compression time = 2 ms
[DEBUG SZCompressor]: precision = 3, errorBoundMode = 1, algo = 3, interpAlgo = 0, dataSize = 100000
[DEBUG SZCompressor]: compression time = 2 ms
[DEBUG SZCompressor]: decompression time = 1 ms
[DEBUG SZCompressor]: decompression time = 1 ms
[DEBUG SZCompressor]: decompression time = 1 ms
[DEBUG SZCompressor]: decompression time = 1 ms
[DEBUG SZCompressor]: decompression time = 1 ms
[DEBUG benchmark] Compressor: SZ
[DEBUG benchmark] Compression time: 2 ms
[DEBUG benchmark] Decompression time: 1 ms
[DEBUG benchmark] Compression ratio: 2.79869
[DEBUG benchmark] Compressed data size: 35 KB
[DEBUG benchmark] Original data size: 100 KB
Parameters:
  doTrunk: 0
  doSZ: 1
  iterations: 5
  precision: 3
  debug: 1
  dataMB: 0.1
  dataSource: normal
  seed: 12345
  mean: 0
  stddev: 1
  trunkCompressionLevel: 9
  szErrorBoundMode: 1
  szAlgo: 3
  szInterpAlgo: 1
  host: Morgana
  timestamp: 1745379535489814318

[DEBUG SZCompressor]: precision = 3, errorBoundMode = 1, algo = 3, interpAlgo = 1, dataSize = 100000
[DEBUG SZCompressor]: compression time = 2 ms
[DEBUG SZCompressor]: precision = 3, errorBoundMode = 1, algo = 3, interpAlgo = 1, dataSize = 100000
[DEBUG SZCompressor]: compression time = 2 ms
[DEBUG SZCompressor]: precision = 3, errorBoundMode = 1, algo = 3, interpAlgo = 1, dataSize = 100000
[DEBUG SZCompressor]: compression time = 2 ms
[DEBUG SZCompressor]: precision = 3, errorBoundMode = 1, algo = 3, interpAlgo = 1, dataSize = 100000
[DEBUG SZCompressor]: compression time = 2 ms
[DEBUG SZCompressor]: precision = 3, errorBoundMode = 1, algo = 3, interpAlgo = 1, dataSize = 100000
[DEBUG SZCompressor]: compression time = 2 ms
[DEBUG SZCompressor]: decompression time = 1 ms
[DEBUG SZCompressor]: decompression time = 1 ms
[DEBUG SZCompressor]: decompression time = 1 ms
[DEBUG SZCompressor]: decompression time = 1 ms
[DEBUG SZCompressor]: decompression time = 1 ms
[DEBUG benchmark] Compressor: SZ
[DEBUG benchmark] Compression time: 2 ms
[DEBUG benchmark] Decompression time: 1 ms
[DEBUG benchmark] Compression ratio: 2.79869
[DEBUG benchmark] Compressed data size: 35 KB
[DEBUG benchmark] Original data size: 100 KB
Parameters:
  doTrunk: 0
  doSZ: 1
  iterations: 5
  precision: 3
  debug: 1
  dataMB: 0.1
  dataSource: normal
  seed: 12345
  mean: 0
  stddev: 1
  trunkCompressionLevel: 9
  szErrorBoundMode: 1
  szAlgo: 4
  szInterpAlgo: 0
  host: Morgana
  timestamp: 1745379535515672674

[DEBUG SZCompressor]: precision = 3, errorBoundMode = 1, algo = 4, interpAlgo = 0, dataSize = 100000
[DEBUG SZCompressor]: compression time = 0 ms
[DEBUG SZCompressor]: precision = 3, errorBoundMode = 1, algo = 4, interpAlgo = 0, dataSize = 100000
[DEBUG SZCompressor]: compression time = 0 ms
[DEBUG SZCompressor]: precision = 3, errorBoundMode = 1, algo = 4, interpAlgo = 0, dataSize = 100000
[DEBUG SZCompressor]: compression time = 0 ms
[DEBUG SZCompressor]: precision = 3, errorBoundMode = 1, algo = 4, interpAlgo = 0, dataSize = 100000
[DEBUG SZCompressor]: compression time = 0 ms
[DEBUG SZCompressor]: precision = 3, errorBoundMode = 1, algo = 4, interpAlgo = 0, dataSize = 100000
[DEBUG SZCompressor]: compression time = 0 ms
[DEBUG SZCompressor]: decompression time = 0 ms
[DEBUG SZCompressor]: decompression time = 0 ms
[DEBUG SZCompressor]: decompression time = 0 ms
[DEBUG SZCompressor]: decompression time = 0 ms
[DEBUG SZCompressor]: decompression time = 0 ms
[DEBUG benchmark] Compressor: SZ
[DEBUG benchmark] Compression time: 1.37971e-310 ms
[DEBUG benchmark] Decompression time: 1.37971e-310 ms
[DEBUG benchmark] Compression ratio: 1.08058
[DEBUG benchmark] Compressed data size: 92 KB
[DEBUG benchmark] Original data size: 100 KB
Parameters:
  doTrunk: 0
  doSZ: 1
  iterations: 5
  precision: 3
  debug: 1
  dataMB: 0.1
  dataSource: normal
  seed: 12345
  mean: 0
  stddev: 1
  trunkCompressionLevel: 9
  szErrorBoundMode: 1
  szAlgo: 4
  szInterpAlgo: 1
  host: Morgana
  timestamp: 1745379535522800624

[DEBUG SZCompressor]: precision = 3, errorBoundMode = 1, algo = 4, interpAlgo = 1, dataSize = 100000
[DEBUG SZCompressor]: compression time = 0 ms
[DEBUG SZCompressor]: precision = 3, errorBoundMode = 1, algo = 4, interpAlgo = 1, dataSize = 100000
[DEBUG SZCompressor]: compression time = 0 ms
[DEBUG SZCompressor]: precision = 3, errorBoundMode = 1, algo = 4, interpAlgo = 1, dataSize = 100000
[DEBUG SZCompressor]: compression time = 0 ms
[DEBUG SZCompressor]: precision = 3, errorBoundMode = 1, algo = 4, interpAlgo = 1, dataSize = 100000
[DEBUG SZCompressor]: compression time = 0 ms
[DEBUG SZCompressor]: precision = 3, errorBoundMode = 1, algo = 4, interpAlgo = 1, dataSize = 100000
[DEBUG SZCompressor]: compression time = 0 ms
[DEBUG SZCompressor]: decompression time = 0 ms
[DEBUG SZCompressor]: decompression time = 0 ms
[DEBUG SZCompressor]: decompression time = 0 ms
[DEBUG SZCompressor]: decompression time = 0 ms
[DEBUG SZCompressor]: decompression time = 0 ms
[DEBUG benchmark] Compressor: SZ
[DEBUG benchmark] Compression time: 1.38792e-310 ms
[DEBUG benchmark] Decompression time: 1.38792e-310 ms
[DEBUG benchmark] Compression ratio: 1.08058
[DEBUG benchmark] Compressed data size: 92 KB
[DEBUG benchmark] Original data size: 100 KB
Parameters:
  doTrunk: 1
  doSZ: 0
  iterations: 5
  precision: 3
  debug: 1
  dataMB: 0.5
  dataSource: normal
  seed: 12345
  mean: 0
  stddev: 1
  trunkCompressionLevel: 9
  szErrorBoundMode: 1
  szAlgo: 0
  szInterpAlgo: 0
  host: Morgana
  timestamp: 1745379535530321885

[DEBUG TrunkCompressor]: precision = 3, bitsTruncated = 13, compressionLevel = 9, dataSize = 500000
[DEBUG TrunkCompressor]: truncation time = 2 ms
[DEBUG TrunkCompressor]: compression time = 111 ms
[DEBUG TrunkCompressor]: precision = 3, bitsTruncated = 13, compressionLevel = 9, dataSize = 500000
[DEBUG TrunkCompressor]: truncation time = 2 ms
[DEBUG TrunkCompressor]: compression time = 110 ms
[DEBUG TrunkCompressor]: precision = 3, bitsTruncated = 13, compressionLevel = 9, dataSize = 500000
[DEBUG TrunkCompressor]: truncation time = 2 ms
[DEBUG TrunkCompressor]: compression time = 111 ms
[DEBUG TrunkCompressor]: precision = 3, bitsTruncated = 13, compressionLevel = 9, dataSize = 500000
[DEBUG TrunkCompressor]: truncation time = 2 ms
[DEBUG TrunkCompressor]: compression time = 112 ms
[DEBUG TrunkCompressor]: precision = 3, bitsTruncated = 13, compressionLevel = 9, dataSize = 500000
[DEBUG TrunkCompressor]: truncation time = 2 ms
[DEBUG TrunkCompressor]: compression time = 111 ms
[DEBUG TrunkCompressor]: decompression time = 1 ms
[DEBUG TrunkCompressor]: decompression time = 1 ms
[DEBUG TrunkCompressor]: decompression time = 1 ms
[DEBUG TrunkCompressor]: decompression time = 1 ms
[DEBUG TrunkCompressor]: decompression time = 1 ms
[DEBUG benchmark] Compressor: Trunk
[DEBUG benchmark] Compression time: 114 ms
[DEBUG benchmark] Decompression time: 1.4 ms
[DEBUG benchmark] Compression ratio: 1.72338
[DEBUG benchmark] Compressed data size: 290 KB
[DEBUG benchmark] Original data size: 500 KB
Parameters:
  doTrunk: 0
  doSZ: 1
  iterations: 5
  precision: 3
  debug: 1
  dataMB: 0.5
  dataSource: normal
  seed: 12345
  mean: 0
  stddev: 1
  trunkCompressionLevel: 9
  szErrorBoundMode: 1
  szAlgo: 0
  szInterpAlgo: 0
  host: Morgana
  timestamp: 1745379536130858792

[DEBUG SZCompressor]: precision = 3, errorBoundMode = 1, algo = 0, interpAlgo = 0, dataSize = 500000
[DEBUG SZCompressor]: compression time = 27 ms
[DEBUG SZCompressor]: precision = 3, errorBoundMode = 1, algo = 0, interpAlgo = 0, dataSize = 500000
[DEBUG SZCompressor]: compression time = 27 ms
[DEBUG SZCompressor]: precision = 3, errorBoundMode = 1, algo = 0, interpAlgo = 0, dataSize = 500000
[DEBUG SZCompressor]: compression time = 27 ms
[DEBUG SZCompressor]: precision = 3, errorBoundMode = 1, algo = 0, interpAlgo = 0, dataSize = 500000
[DEBUG SZCompressor]: compression time = 27 ms
[DEBUG SZCompressor]: precision = 3, errorBoundMode = 1, algo = 0, interpAlgo = 0, dataSize = 500000
[DEBUG SZCompressor]: compression time = 28 ms
[DEBUG SZCompressor]: decompression time = 21 ms
[DEBUG SZCompressor]: decompression time = 21 ms
[DEBUG SZCompressor]: decompression time = 21 ms
[DEBUG SZCompressor]: decompression time = 21 ms
[DEBUG SZCompressor]: decompression time = 21 ms
[DEBUG benchmark] Compressor: SZ
[DEBUG benchmark] Compression time: 27.4 ms
[DEBUG benchmark] Decompression time: 21.4 ms
[DEBUG benchmark] Compression ratio: 3.25983
[DEBUG benchmark] Compressed data size: 153 KB
[DEBUG benchmark] Original data size: 500 KB
Parameters:
  doTrunk: 0
  doSZ: 1
  iterations: 5
  precision: 3
  debug: 1
  dataMB: 0.5
  dataSource: normal
  seed: 12345
  mean: 0
  stddev: 1
  trunkCompressionLevel: 9
  szErrorBoundMode: 1
  szAlgo: 0
  szInterpAlgo: 1
  host: Morgana
  timestamp: 1745379536396496213

[DEBUG SZCompressor]: precision = 3, errorBoundMode = 1, algo = 0, interpAlgo = 1, dataSize = 500000
[DEBUG SZCompressor]: compression time = 27 ms
[DEBUG SZCompressor]: precision = 3, errorBoundMode = 1, algo = 0, interpAlgo = 1, dataSize = 500000
[DEBUG SZCompressor]: compression time = 27 ms
[DEBUG SZCompressor]: precision = 3, errorBoundMode = 1, algo = 0, interpAlgo = 1, dataSize = 500000
[DEBUG SZCompressor]: compression time = 27 ms
[DEBUG SZCompressor]: precision = 3, errorBoundMode = 1, algo = 0, interpAlgo = 1, dataSize = 500000
[DEBUG SZCompressor]: compression time = 27 ms
[DEBUG SZCompressor]: precision = 3, errorBoundMode = 1, algo = 0, interpAlgo = 1, dataSize = 500000
[DEBUG SZCompressor]: compression time = 27 ms
[DEBUG SZCompressor]: decompression time = 21 ms
[DEBUG SZCompressor]: decompression time = 21 ms
[DEBUG SZCompressor]: decompression time = 21 ms
[DEBUG SZCompressor]: decompression time = 21 ms
[DEBUG SZCompressor]: decompression time = 21 ms
[DEBUG benchmark] Compressor: SZ
[DEBUG benchmark] Compression time: 27.4 ms
[DEBUG benchmark] Decompression time: 21 ms
[DEBUG benchmark] Compression ratio: 3.25983
[DEBUG benchmark] Compressed data size: 153 KB
[DEBUG benchmark] Original data size: 500 KB
Parameters:
  doTrunk: 0
  doSZ: 1
  iterations: 5
  precision: 3
  debug: 1
  dataMB: 0.5
  dataSource: normal
  seed: 12345
  mean: 0
  stddev: 1
  trunkCompressionLevel: 9
  szErrorBoundMode: 1
  szAlgo: 1
  szInterpAlgo: 0
  host: Morgana
  timestamp: 1745379536660289831

[DEBUG SZCompressor]: precision = 3, errorBoundMode = 1, algo = 1, interpAlgo = 0, dataSize = 500000
[DEBUG SZCompressor]: compression time = 30 ms
[DEBUG SZCompressor]: precision = 3, errorBoundMode = 1, algo = 1, interpAlgo = 0, dataSize = 500000
[DEBUG SZCompressor]: compression time = 30 ms
[DEBUG SZCompressor]: precision = 3, errorBoundMode = 1, algo = 1, interpAlgo = 0, dataSize = 500000
[DEBUG SZCompressor]: compression time = 31 ms
[DEBUG SZCompressor]: precision = 3, errorBoundMode = 1, algo = 1, interpAlgo = 0, dataSize = 500000
[DEBUG SZCompressor]: compression time = 30 ms
[DEBUG SZCompressor]: precision = 3, errorBoundMode = 1, algo = 1, interpAlgo = 0, dataSize = 500000
[DEBUG SZCompressor]: compression time = 31 ms
[DEBUG SZCompressor]: decompression time = 10 ms
[DEBUG SZCompressor]: decompression time = 10 ms
[DEBUG SZCompressor]: decompression time = 10 ms
[DEBUG SZCompressor]: decompression time = 10 ms
[DEBUG SZCompressor]: decompression time = 10 ms
[DEBUG benchmark] Compressor: SZ
[DEBUG benchmark] Compression time: 31 ms
[DEBUG benchmark] Decompression time: 10 ms
[DEBUG benchmark] Compression ratio: 3.08206
[DEBUG benchmark] Compressed data size: 162 KB
[DEBUG benchmark] Original data size: 500 KB
Parameters:
  doTrunk: 0
  doSZ: 1
  iterations: 5
  precision: 3
  debug: 1
  dataMB: 0.5
  dataSource: normal
  seed: 12345
  mean: 0
  stddev: 1
  trunkCompressionLevel: 9
  szErrorBoundMode: 1
  szAlgo: 1
  szInterpAlgo: 1
  host: Morgana
  timestamp: 1745379536888012829

[DEBUG SZCompressor]: precision = 3, errorBoundMode = 1, algo = 1, interpAlgo = 1, dataSize = 500000
[DEBUG SZCompressor]: compression time = 30 ms
[DEBUG SZCompressor]: precision = 3, errorBoundMode = 1, algo = 1, interpAlgo = 1, dataSize = 500000
[DEBUG SZCompressor]: compression time = 30 ms
[DEBUG SZCompressor]: precision = 3, errorBoundMode = 1, algo = 1, interpAlgo = 1, dataSize = 500000
[DEBUG SZCompressor]: compression time = 30 ms
[DEBUG SZCompressor]: precision = 3, errorBoundMode = 1, algo = 1, interpAlgo = 1, dataSize = 500000
[DEBUG SZCompressor]: compression time = 30 ms
[DEBUG SZCompressor]: precision = 3, errorBoundMode = 1, algo = 1, interpAlgo = 1, dataSize = 500000
[DEBUG SZCompressor]: compression time = 30 ms
[DEBUG SZCompressor]: decompression time = 10 ms
[DEBUG SZCompressor]: decompression time = 10 ms
[DEBUG SZCompressor]: decompression time = 10 ms
[DEBUG SZCompressor]: decompression time = 10 ms
[DEBUG SZCompressor]: decompression time = 10 ms
[DEBUG benchmark] Compressor: SZ
[DEBUG benchmark] Compression time: 30.2 ms
[DEBUG benchmark] Decompression time: 10.2 ms
[DEBUG benchmark] Compression ratio: 3.08206
[DEBUG benchmark] Compressed data size: 162 KB
[DEBUG benchmark] Original data size: 500 KB
Parameters:
  doTrunk: 0
  doSZ: 1
  iterations: 5
  precision: 3
  debug: 1
  dataMB: 0.5
  dataSource: normal
  seed: 12345
  mean: 0
  stddev: 1
  trunkCompressionLevel: 9
  szErrorBoundMode: 1
  szAlgo: 2
  szInterpAlgo: 0
  host: Morgana
  timestamp: 1745379537113885498

[DEBUG SZCompressor]: precision = 3, errorBoundMode = 1, algo = 2, interpAlgo = 0, dataSize = 500000
[DEBUG SZCompressor]: compression time = 11 ms
[DEBUG SZCompressor]: precision = 3, errorBoundMode = 1, algo = 2, interpAlgo = 0, dataSize = 500000
[DEBUG SZCompressor]: compression time = 11 ms
[DEBUG SZCompressor]: precision = 3, errorBoundMode = 1, algo = 2, interpAlgo = 0, dataSize = 500000
[DEBUG SZCompressor]: compression time = 11 ms
[DEBUG SZCompressor]: precision = 3, errorBoundMode = 1, algo = 2, interpAlgo = 0, dataSize = 500000
[DEBUG SZCompressor]: compression time = 10 ms
[DEBUG SZCompressor]: precision = 3, errorBoundMode = 1, algo = 2, interpAlgo = 0, dataSize = 500000
[DEBUG SZCompressor]: compression time = 11 ms
[DEBUG SZCompressor]: decompression time = 10 ms
[DEBUG SZCompressor]: decompression time = 10 ms
[DEBUG SZCompressor]: decompression time = 10 ms
[DEBUG SZCompressor]: decompression time = 10 ms
[DEBUG SZCompressor]: decompression time = 10 ms
[DEBUG benchmark] Compressor: SZ
[DEBUG benchmark] Compression time: 11.2 ms
[DEBUG benchmark] Decompression time: 10 ms
[DEBUG benchmark] Compression ratio: 3.08206
[DEBUG benchmark] Compressed data size: 162 KB
[DEBUG benchmark] Original data size: 500 KB
Parameters:
  doTrunk: 0
  doSZ: 1
  iterations: 5
  precision: 3
  debug: 1
  dataMB: 0.5
  dataSource: normal
  seed: 12345
  mean: 0
  stddev: 1
  trunkCompressionLevel: 9
  szErrorBoundMode: 1
  szAlgo: 2
  szInterpAlgo: 1
  host: Morgana
  timestamp: 1745379537243549155

[DEBUG SZCompressor]: precision = 3, errorBoundMode = 1, algo = 2, interpAlgo = 1, dataSize = 500000
[DEBUG SZCompressor]: compression time = 11 ms
[DEBUG SZCompressor]: precision = 3, errorBoundMode = 1, algo = 2, interpAlgo = 1, dataSize = 500000
[DEBUG SZCompressor]: compression time = 11 ms
[DEBUG SZCompressor]: precision = 3, errorBoundMode = 1, algo = 2, interpAlgo = 1, dataSize = 500000
[DEBUG SZCompressor]: compression time = 11 ms
[DEBUG SZCompressor]: precision = 3, errorBoundMode = 1, algo = 2, interpAlgo = 1, dataSize = 500000
[DEBUG SZCompressor]: compression time = 11 ms
[DEBUG SZCompressor]: precision = 3, errorBoundMode = 1, algo = 2, interpAlgo = 1, dataSize = 500000
[DEBUG SZCompressor]: compression time = 11 ms
[DEBUG SZCompressor]: decompression time = 10 ms
[DEBUG SZCompressor]: decompression time = 10 ms
[DEBUG SZCompressor]: decompression time = 10 ms
[DEBUG SZCompressor]: decompression time = 10 ms
[DEBUG SZCompressor]: decompression time = 10 ms
[DEBUG benchmark] Compressor: SZ
[DEBUG benchmark] Compression time: 11.2 ms
[DEBUG benchmark] Decompression time: 10.2 ms
[DEBUG benchmark] Compression ratio: 3.04811
[DEBUG benchmark] Compressed data size: 164 KB
[DEBUG benchmark] Original data size: 500 KB
Parameters:
  doTrunk: 0
  doSZ: 1
  iterations: 5
  precision: 3
  debug: 1
  dataMB: 0.5
  dataSource: normal
  seed: 12345
  mean: 0
  stddev: 1
  trunkCompressionLevel: 9
  szErrorBoundMode: 1
  szAlgo: 3
  szInterpAlgo: 0
  host: Morgana
  timestamp: 1745379537374638421

[DEBUG SZCompressor]: precision = 3, errorBoundMode = 1, algo = 3, interpAlgo = 0, dataSize = 500000
[DEBUG SZCompressor]: compression time = 9 ms
[DEBUG SZCompressor]: precision = 3, errorBoundMode = 1, algo = 3, interpAlgo = 0, dataSize = 500000
[DEBUG SZCompressor]: compression time = 9 ms
[DEBUG SZCompressor]: precision = 3, errorBoundMode = 1, algo = 3, interpAlgo = 0, dataSize = 500000
[DEBUG SZCompressor]: compression time = 9 ms
[DEBUG SZCompressor]: precision = 3, errorBoundMode = 1, algo = 3, interpAlgo = 0, dataSize = 500000
[DEBUG SZCompressor]: compression time = 9 ms
[DEBUG SZCompressor]: precision = 3, errorBoundMode = 1, algo = 3, interpAlgo = 0, dataSize = 500000
[DEBUG SZCompressor]: compression time = 8 ms
[DEBUG SZCompressor]: decompression time = 8 ms
[DEBUG SZCompressor]: decompression time = 8 ms
[DEBUG SZCompressor]: decompression time = 9 ms
[DEBUG SZCompressor]: decompression time = 8 ms
[DEBUG SZCompressor]: decompression time = 8 ms
[DEBUG benchmark] Compressor: SZ
[DEBUG benchmark] Compression time: 9 ms
[DEBUG benchmark] Decompression time: 8.2 ms
[DEBUG benchmark] Compression ratio: 3.44187
[DEBUG benchmark] Compressed data size: 145 KB
[DEBUG benchmark] Original data size: 500 KB
Parameters:
  doTrunk: 0
  doSZ: 1
  iterations: 5
  precision: 3
  debug: 1
  dataMB: 0.5
  dataSource: normal
  seed: 12345
  mean: 0
  stddev: 1
  trunkCompressionLevel: 9
  szErrorBoundMode: 1
  szAlgo: 3
  szInterpAlgo: 1
  host: Morgana
  timestamp: 1745379537484952348

[DEBUG SZCompressor]: precision = 3, errorBoundMode = 1, algo = 3, interpAlgo = 1, dataSize = 500000
[DEBUG SZCompressor]: compression time = 9 ms
[DEBUG SZCompressor]: precision = 3, errorBoundMode = 1, algo = 3, interpAlgo = 1, dataSize = 500000
[DEBUG SZCompressor]: compression time = 9 ms
[DEBUG SZCompressor]: precision = 3, errorBoundMode = 1, algo = 3, interpAlgo = 1, dataSize = 500000
[DEBUG SZCompressor]: compression time = 8 ms
[DEBUG SZCompressor]: precision = 3, errorBoundMode = 1, algo = 3, interpAlgo = 1, dataSize = 500000
[DEBUG SZCompressor]: compression time = 8 ms
[DEBUG SZCompressor]: precision = 3, errorBoundMode = 1, algo = 3, interpAlgo = 1, dataSize = 500000
[DEBUG SZCompressor]: compression time = 8 ms
[DEBUG SZCompressor]: decompression time = 8 ms
[DEBUG SZCompressor]: decompression time = 8 ms
[DEBUG SZCompressor]: decompression time = 8 ms
[DEBUG SZCompressor]: decompression time = 8 ms
[DEBUG SZCompressor]: decompression time = 8 ms
[DEBUG benchmark] Compressor: SZ
[DEBUG benchmark] Compression time: 9 ms
[DEBUG benchmark] Decompression time: 8 ms
[DEBUG benchmark] Compression ratio: 3.44187
[DEBUG benchmark] Compressed data size: 145 KB
[DEBUG benchmark] Original data size: 500 KB
Parameters:
  doTrunk: 0
  doSZ: 1
  iterations: 5
  precision: 3
  debug: 1
  dataMB: 0.5
  dataSource: normal
  seed: 12345
  mean: 0
  stddev: 1
  trunkCompressionLevel: 9
  szErrorBoundMode: 1
  szAlgo: 4
  szInterpAlgo: 0
  host: Morgana
  timestamp: 1745379537593713539

[DEBUG SZCompressor]: precision = 3, errorBoundMode = 1, algo = 4, interpAlgo = 0, dataSize = 500000
[DEBUG SZCompressor]: compression time = 1 ms
[DEBUG SZCompressor]: precision = 3, errorBoundMode = 1, algo = 4, interpAlgo = 0, dataSize = 500000
[DEBUG SZCompressor]: compression time = 0 ms
[DEBUG SZCompressor]: precision = 3, errorBoundMode = 1, algo = 4, interpAlgo = 0, dataSize = 500000
[DEBUG SZCompressor]: compression time = 0 ms
[DEBUG SZCompressor]: precision = 3, errorBoundMode = 1, algo = 4, interpAlgo = 0, dataSize = 500000
[DEBUG SZCompressor]: compression time = 0 ms
[DEBUG SZCompressor]: precision = 3, errorBoundMode = 1, algo = 4, interpAlgo = 0, dataSize = 500000
[DEBUG SZCompressor]: compression time = 0 ms
[DEBUG SZCompressor]: decompression time = 0 ms
[DEBUG SZCompressor]: decompression time = 0 ms
[DEBUG SZCompressor]: decompression time = 0 ms
[DEBUG SZCompressor]: decompression time = 0 ms
[DEBUG SZCompressor]: decompression time = 0 ms
[DEBUG benchmark] Compressor: SZ
[DEBUG benchmark] Compression time: 1 ms
[DEBUG benchmark] Decompression time: 1.38052e-310 ms
[DEBUG benchmark] Compression ratio: 1.08178
[DEBUG benchmark] Compressed data size: 462 KB
[DEBUG benchmark] Original data size: 500 KB
Parameters:
  doTrunk: 0
  doSZ: 1
  iterations: 5
  precision: 3
  debug: 1
  dataMB: 0.5
  dataSource: normal
  seed: 12345
  mean: 0
  stddev: 1
  trunkCompressionLevel: 9
  szErrorBoundMode: 1
  szAlgo: 4
  szInterpAlgo: 1
  host: Morgana
  timestamp: 1745379537622330844

[DEBUG SZCompressor]: precision = 3, errorBoundMode = 1, algo = 4, interpAlgo = 1, dataSize = 500000
[DEBUG SZCompressor]: compression time = 1 ms
[DEBUG SZCompressor]: precision = 3, errorBoundMode = 1, algo = 4, interpAlgo = 1, dataSize = 500000
[DEBUG SZCompressor]: compression time = 0 ms
[DEBUG SZCompressor]: precision = 3, errorBoundMode = 1, algo = 4, interpAlgo = 1, dataSize = 500000
[DEBUG SZCompressor]: compression time = 1 ms
[DEBUG SZCompressor]: precision = 3, errorBoundMode = 1, algo = 4, interpAlgo = 1, dataSize = 500000
[DEBUG SZCompressor]: compression time = 0 ms
[DEBUG SZCompressor]: precision = 3, errorBoundMode = 1, algo = 4, interpAlgo = 1, dataSize = 500000
[DEBUG SZCompressor]: compression time = 0 ms
[DEBUG SZCompressor]: decompression time = 0 ms
[DEBUG SZCompressor]: decompression time = 0 ms
[DEBUG SZCompressor]: decompression time = 0 ms
[DEBUG SZCompressor]: decompression time = 0 ms
[DEBUG SZCompressor]: decompression time = 0 ms
[DEBUG benchmark] Compressor: SZ
[DEBUG benchmark] Compression time: 1 ms
[DEBUG benchmark] Decompression time: 1.37968e-310 ms
[DEBUG benchmark] Compression ratio: 1.08178
[DEBUG benchmark] Compressed data size: 462 KB
[DEBUG benchmark] Original data size: 500 KB
Parameters:
  doTrunk: 1
  doSZ: 0
  iterations: 5
  precision: 3
  debug: 1
  dataMB: 1
  dataSource: normal
  seed: 12345
  mean: 0
  stddev: 1
  trunkCompressionLevel: 9
  szErrorBoundMode: 1
  szAlgo: 0
  szInterpAlgo: 0
  host: Morgana
  timestamp: 1745379537650599855

[DEBUG TrunkCompressor]: precision = 3, bitsTruncated = 13, compressionLevel = 9, dataSize = 1000000
[DEBUG TrunkCompressor]: truncation time = 5 ms
[DEBUG TrunkCompressor]: compression time = 228 ms
[DEBUG TrunkCompressor]: precision = 3, bitsTruncated = 13, compressionLevel = 9, dataSize = 1000000
[DEBUG TrunkCompressor]: truncation time = 6 ms
[DEBUG TrunkCompressor]: compression time = 228 ms
[DEBUG TrunkCompressor]: precision = 3, bitsTruncated = 13, compressionLevel = 9, dataSize = 1000000
[DEBUG TrunkCompressor]: truncation time = 5 ms
[DEBUG TrunkCompressor]: compression time = 238 ms
[DEBUG TrunkCompressor]: precision = 3, bitsTruncated = 13, compressionLevel = 9, dataSize = 1000000
[DEBUG TrunkCompressor]: truncation time = 5 ms
[DEBUG TrunkCompressor]: compression time = 239 ms
[DEBUG TrunkCompressor]: precision = 3, bitsTruncated = 13, compressionLevel = 9, dataSize = 1000000
[DEBUG TrunkCompressor]: truncation time = 5 ms
[DEBUG TrunkCompressor]: compression time = 259 ms
[DEBUG TrunkCompressor]: decompression time = 3 ms
[DEBUG TrunkCompressor]: decompression time = 3 ms
[DEBUG TrunkCompressor]: decompression time = 3 ms
[DEBUG TrunkCompressor]: decompression time = 3 ms
[DEBUG TrunkCompressor]: decompression time = 3 ms
[DEBUG benchmark] Compressor: Trunk
[DEBUG benchmark] Compression time: 244.4 ms
[DEBUG benchmark] Decompression time: 3.2 ms
[DEBUG benchmark] Compression ratio: 1.72673
[DEBUG benchmark] Compressed data size: 579 KB
[DEBUG benchmark] Original data size: 1000 KB
Parameters:
  doTrunk: 0
  doSZ: 1
  iterations: 5
  precision: 3
  debug: 1
  dataMB: 1
  dataSource: normal
  seed: 12345
  mean: 0
  stddev: 1
  trunkCompressionLevel: 9
  szErrorBoundMode: 1
  szAlgo: 0
  szInterpAlgo: 0
  host: Morgana
  timestamp: 1745379538928574427

[DEBUG SZCompressor]: precision = 3, errorBoundMode = 1, algo = 0, interpAlgo = 0, dataSize = 1000000
[DEBUG SZCompressor]: compression time = 56 ms
[DEBUG SZCompressor]: precision = 3, errorBoundMode = 1, algo = 0, interpAlgo = 0, dataSize = 1000000
[DEBUG SZCompressor]: compression time = 54 ms
[DEBUG SZCompressor]: precision = 3, errorBoundMode = 1, algo = 0, interpAlgo = 0, dataSize = 1000000
[DEBUG SZCompressor]: compression time = 57 ms
[DEBUG SZCompressor]: precision = 3, errorBoundMode = 1, algo = 0, interpAlgo = 0, dataSize = 1000000
[DEBUG SZCompressor]: compression time = 55 ms
[DEBUG SZCompressor]: precision = 3, errorBoundMode = 1, algo = 0, interpAlgo = 0, dataSize = 1000000
[DEBUG SZCompressor]: compression time = 54 ms
[DEBUG SZCompressor]: decompression time = 43 ms
[DEBUG SZCompressor]: decompression time = 42 ms
[DEBUG SZCompressor]: decompression time = 42 ms
[DEBUG SZCompressor]: decompression time = 42 ms
[DEBUG SZCompressor]: decompression time = 42 ms
[DEBUG benchmark] Compressor: SZ
[DEBUG benchmark] Compression time: 56.2 ms
[DEBUG benchmark] Decompression time: 42.4 ms
[DEBUG benchmark] Compression ratio: 3.3789
[DEBUG benchmark] Compressed data size: 295 KB
[DEBUG benchmark] Original data size: 1000 KB
Parameters:
  doTrunk: 0
  doSZ: 1
  iterations: 5
  precision: 3
  debug: 1
  dataMB: 1
  dataSource: normal
  seed: 12345
  mean: 0
  stddev: 1
  trunkCompressionLevel: 9
  szErrorBoundMode: 1
  szAlgo: 0
  szInterpAlgo: 1
  host: Morgana
  timestamp: 1745379539460743444

[DEBUG SZCompressor]: precision = 3, errorBoundMode = 1, algo = 0, interpAlgo = 1, dataSize = 1000000
[DEBUG SZCompressor]: compression time = 55 ms
[DEBUG SZCompressor]: precision = 3, errorBoundMode = 1, algo = 0, interpAlgo = 1, dataSize = 1000000
[DEBUG SZCompressor]: compression time = 57 ms
[DEBUG SZCompressor]: precision = 3, errorBoundMode = 1, algo = 0, interpAlgo = 1, dataSize = 1000000
[DEBUG SZCompressor]: compression time = 59 ms
[DEBUG SZCompressor]: precision = 3, errorBoundMode = 1, algo = 0, interpAlgo = 1, dataSize = 1000000
[DEBUG SZCompressor]: compression time = 56 ms
[DEBUG SZCompressor]: precision = 3, errorBoundMode = 1, algo = 0, interpAlgo = 1, dataSize = 1000000
[DEBUG SZCompressor]: compression time = 54 ms
[DEBUG SZCompressor]: decompression time = 43 ms
[DEBUG SZCompressor]: decompression time = 43 ms
[DEBUG SZCompressor]: decompression time = 43 ms
[DEBUG SZCompressor]: decompression time = 42 ms
[DEBUG SZCompressor]: decompression time = 42 ms
[DEBUG benchmark] Compressor: SZ
[DEBUG benchmark] Compression time: 57 ms
[DEBUG benchmark] Decompression time: 42.6 ms
[DEBUG benchmark] Compression ratio: 3.3789
[DEBUG benchmark] Compressed data size: 295 KB
[DEBUG benchmark] Original data size: 1000 KB
Parameters:
  doTrunk: 0
  doSZ: 1
  iterations: 5
  precision: 3
  debug: 1
  dataMB: 1
  dataSource: normal
  seed: 12345
  mean: 0
  stddev: 1
  trunkCompressionLevel: 9
  szErrorBoundMode: 1
  szAlgo: 1
  szInterpAlgo: 0
  host: Morgana
  timestamp: 1745379539997140357

[DEBUG SZCompressor]: precision = 3, errorBoundMode = 1, algo = 1, interpAlgo = 0, dataSize = 1000000
[DEBUG SZCompressor]: compression time = 61 ms
[DEBUG SZCompressor]: precision = 3, errorBoundMode = 1, algo = 1, interpAlgo = 0, dataSize = 1000000
[DEBUG SZCompressor]: compression time = 59 ms
[DEBUG SZCompressor]: precision = 3, errorBoundMode = 1, algo = 1, interpAlgo = 0, dataSize = 1000000
[DEBUG SZCompressor]: compression time = 60 ms
[DEBUG SZCompressor]: precision = 3, errorBoundMode = 1, algo = 1, interpAlgo = 0, dataSize = 1000000
[DEBUG SZCompressor]: compression time = 59 ms
[DEBUG SZCompressor]: precision = 3, errorBoundMode = 1, algo = 1, interpAlgo = 0, dataSize = 1000000
[DEBUG SZCompressor]: compression time = 60 ms
[DEBUG SZCompressor]: decompression time = 22 ms
[DEBUG SZCompressor]: decompression time = 21 ms
[DEBUG SZCompressor]: decompression time = 21 ms
[DEBUG SZCompressor]: decompression time = 21 ms
[DEBUG SZCompressor]: decompression time = 21 ms
[DEBUG benchmark] Compressor: SZ
[DEBUG benchmark] Compression time: 60.2 ms
[DEBUG benchmark] Decompression time: 21.2 ms
[DEBUG benchmark] Compression ratio: 3.21931
[DEBUG benchmark] Compressed data size: 310 KB
[DEBUG benchmark] Original data size: 1000 KB
Parameters:
  doTrunk: 0
  doSZ: 1
  iterations: 5
  precision: 3
  debug: 1
  dataMB: 1
  dataSource: normal
  seed: 12345
  mean: 0
  stddev: 1
  trunkCompressionLevel: 9
  szErrorBoundMode: 1
  szAlgo: 1
  szInterpAlgo: 1
  host: Morgana
  timestamp: 1745379540443036097

[DEBUG SZCompressor]: precision = 3, errorBoundMode = 1, algo = 1, interpAlgo = 1, dataSize = 1000000
[DEBUG SZCompressor]: compression time = 60 ms
[DEBUG SZCompressor]: precision = 3, errorBoundMode = 1, algo = 1, interpAlgo = 1, dataSize = 1000000
[DEBUG SZCompressor]: compression time = 61 ms
[DEBUG SZCompressor]: precision = 3, errorBoundMode = 1, algo = 1, interpAlgo = 1, dataSize = 1000000
[DEBUG SZCompressor]: compression time = 59 ms
[DEBUG SZCompressor]: precision = 3, errorBoundMode = 1, algo = 1, interpAlgo = 1, dataSize = 1000000
[DEBUG SZCompressor]: compression time = 59 ms
[DEBUG SZCompressor]: precision = 3, errorBoundMode = 1, algo = 1, interpAlgo = 1, dataSize = 1000000
[DEBUG SZCompressor]: compression time = 59 ms
[DEBUG SZCompressor]: decompression time = 22 ms
[DEBUG SZCompressor]: decompression time = 21 ms
[DEBUG SZCompressor]: decompression time = 21 ms
[DEBUG SZCompressor]: decompression time = 21 ms
[DEBUG SZCompressor]: decompression time = 21 ms
[DEBUG benchmark] Compressor: SZ
[DEBUG benchmark] Compression time: 59.6 ms
[DEBUG benchmark] Decompression time: 21.2 ms
[DEBUG benchmark] Compression ratio: 3.21931
[DEBUG benchmark] Compressed data size: 310 KB
[DEBUG benchmark] Original data size: 1000 KB
Parameters:
  doTrunk: 0
  doSZ: 1
  iterations: 5
  precision: 3
  debug: 1
  dataMB: 1
  dataSource: normal
  seed: 12345
  mean: 0
  stddev: 1
  trunkCompressionLevel: 9
  szErrorBoundMode: 1
  szAlgo: 2
  szInterpAlgo: 0
  host: Morgana
  timestamp: 1745379540888096100

[DEBUG SZCompressor]: precision = 3, errorBoundMode = 1, algo = 2, interpAlgo = 0, dataSize = 1000000
[DEBUG SZCompressor]: compression time = 22 ms
[DEBUG SZCompressor]: precision = 3, errorBoundMode = 1, algo = 2, interpAlgo = 0, dataSize = 1000000
[DEBUG SZCompressor]: compression time = 22 ms
[DEBUG SZCompressor]: precision = 3, errorBoundMode = 1, algo = 2, interpAlgo = 0, dataSize = 1000000
[DEBUG SZCompressor]: compression time = 21 ms
[DEBUG SZCompressor]: precision = 3, errorBoundMode = 1, algo = 2, interpAlgo = 0, dataSize = 1000000
[DEBUG SZCompressor]: compression time = 22 ms
[DEBUG SZCompressor]: precision = 3, errorBoundMode = 1, algo = 2, interpAlgo = 0, dataSize = 1000000
[DEBUG SZCompressor]: compression time = 22 ms
[DEBUG SZCompressor]: decompression time = 21 ms
[DEBUG SZCompressor]: decompression time = 21 ms
[DEBUG SZCompressor]: decompression time = 21 ms
[DEBUG SZCompressor]: decompression time = 21 ms
[DEBUG SZCompressor]: decompression time = 21 ms
[DEBUG benchmark] Compressor: SZ
[DEBUG benchmark] Compression time: 22.4 ms
[DEBUG benchmark] Decompression time: 21.2 ms
[DEBUG benchmark] Compression ratio: 3.21931
[DEBUG benchmark] Compressed data size: 310 KB
[DEBUG benchmark] Original data size: 1000 KB
Parameters:
  doTrunk: 0
  doSZ: 1
  iterations: 5
  precision: 3
  debug: 1
  dataMB: 1
  dataSource: normal
  seed: 12345
  mean: 0
  stddev: 1
  trunkCompressionLevel: 9
  szErrorBoundMode: 1
  szAlgo: 2
  szInterpAlgo: 1
  host: Morgana
  timestamp: 1745379541145255921

[DEBUG SZCompressor]: precision = 3, errorBoundMode = 1, algo = 2, interpAlgo = 1, dataSize = 1000000
[DEBUG SZCompressor]: compression time = 22 ms
[DEBUG SZCompressor]: precision = 3, errorBoundMode = 1, algo = 2, interpAlgo = 1, dataSize = 1000000
[DEBUG SZCompressor]: compression time = 23 ms
[DEBUG SZCompressor]: precision = 3, errorBoundMode = 1, algo = 2, interpAlgo = 1, dataSize = 1000000
[DEBUG SZCompressor]: compression time = 26 ms
[DEBUG SZCompressor]: precision = 3, errorBoundMode = 1, algo = 2, interpAlgo = 1, dataSize = 1000000
[DEBUG SZCompressor]: compression time = 25 ms
[DEBUG SZCompressor]: precision = 3, errorBoundMode = 1, algo = 2, interpAlgo = 1, dataSize = 1000000
[DEBUG SZCompressor]: compression time = 25 ms
[DEBUG SZCompressor]: decompression time = 23 ms
[DEBUG SZCompressor]: decompression time = 21 ms
[DEBUG SZCompressor]: decompression time = 22 ms
[DEBUG SZCompressor]: decompression time = 22 ms
[DEBUG SZCompressor]: decompression time = 22 ms
[DEBUG benchmark] Compressor: SZ
[DEBUG benchmark] Compression time: 24.4 ms
[DEBUG benchmark] Decompression time: 22 ms
[DEBUG benchmark] Compression ratio: 3.18819
[DEBUG benchmark] Compressed data size: 313 KB
[DEBUG benchmark] Original data size: 1000 KB
Parameters:
  doTrunk: 0
  doSZ: 1
  iterations: 5
  precision: 3
  debug: 1
  dataMB: 1
  dataSource: normal
  seed: 12345
  mean: 0
  stddev: 1
  trunkCompressionLevel: 9
  szErrorBoundMode: 1
  szAlgo: 3
  szInterpAlgo: 0
  host: Morgana
  timestamp: 1745379541416828874

[DEBUG SZCompressor]: precision = 3, errorBoundMode = 1, algo = 3, interpAlgo = 0, dataSize = 1000000
[DEBUG SZCompressor]: compression time = 17 ms
[DEBUG SZCompressor]: precision = 3, errorBoundMode = 1, algo = 3, interpAlgo = 0, dataSize = 1000000
[DEBUG SZCompressor]: compression time = 17 ms
[DEBUG SZCompressor]: precision = 3, errorBoundMode = 1, algo = 3, interpAlgo = 0, dataSize = 1000000
[DEBUG SZCompressor]: compression time = 16 ms
[DEBUG SZCompressor]: precision = 3, errorBoundMode = 1, algo = 3, interpAlgo = 0, dataSize = 1000000
[DEBUG SZCompressor]: compression time = 16 ms
[DEBUG SZCompressor]: precision = 3, errorBoundMode = 1, algo = 3, interpAlgo = 0, dataSize = 1000000
[DEBUG SZCompressor]: compression time = 17 ms
[DEBUG SZCompressor]: decompression time = 17 ms
[DEBUG SZCompressor]: decompression time = 17 ms
[DEBUG SZCompressor]: decompression time = 17 ms
[DEBUG SZCompressor]: decompression time = 17 ms
[DEBUG SZCompressor]: decompression time = 17 ms
[DEBUG benchmark] Compressor: SZ
[DEBUG benchmark] Compression time: 17.4 ms
[DEBUG benchmark] Decompression time: 17.2 ms
[DEBUG benchmark] Compression ratio: 3.54457
[DEBUG benchmark] Compressed data size: 282 KB
[DEBUG benchmark] Original data size: 1000 KB
Parameters:
  doTrunk: 0
  doSZ: 1
  iterations: 5
  precision: 3
  debug: 1
  dataMB: 1
  dataSource: normal
  seed: 12345
  mean: 0
  stddev: 1
  trunkCompressionLevel: 9
  szErrorBoundMode: 1
  szAlgo: 3
  szInterpAlgo: 1
  host: Morgana
  timestamp: 1745379541628562891

[DEBUG SZCompressor]: precision = 3, errorBoundMode = 1, algo = 3, interpAlgo = 1, dataSize = 1000000
[DEBUG SZCompressor]: compression time = 18 ms
[DEBUG SZCompressor]: precision = 3, errorBoundMode = 1, algo = 3, interpAlgo = 1, dataSize = 1000000
[DEBUG SZCompressor]: compression time = 17 ms
[DEBUG SZCompressor]: precision = 3, errorBoundMode = 1, algo = 3, interpAlgo = 1, dataSize = 1000000
[DEBUG SZCompressor]: compression time = 16 ms
[DEBUG SZCompressor]: precision = 3, errorBoundMode = 1, algo = 3, interpAlgo = 1, dataSize = 1000000
[DEBUG SZCompressor]: compression time = 17 ms
[DEBUG SZCompressor]: precision = 3, errorBoundMode = 1, algo = 3, interpAlgo = 1, dataSize = 1000000
[DEBUG SZCompressor]: compression time = 16 ms
[DEBUG SZCompressor]: decompression time = 17 ms
[DEBUG SZCompressor]: decompression time = 17 ms
[DEBUG SZCompressor]: decompression time = 17 ms
[DEBUG SZCompressor]: decompression time = 17 ms
[DEBUG SZCompressor]: decompression time = 17 ms
[DEBUG benchmark] Compressor: SZ
[DEBUG benchmark] Compression time: 17.4 ms
[DEBUG benchmark] Decompression time: 17 ms
[DEBUG benchmark] Compression ratio: 3.54457
[DEBUG benchmark] Compressed data size: 282 KB
[DEBUG benchmark] Original data size: 1000 KB
Parameters:
  doTrunk: 0
  doSZ: 1
  iterations: 5
  precision: 3
  debug: 1
  dataMB: 1
  dataSource: normal
  seed: 12345
  mean: 0
  stddev: 1
  trunkCompressionLevel: 9
  szErrorBoundMode: 1
  szAlgo: 4
  szInterpAlgo: 0
  host: Morgana
  timestamp: 1745379541838739047

[DEBUG SZCompressor]: precision = 3, errorBoundMode = 1, algo = 4, interpAlgo = 0, dataSize = 1000000
[DEBUG SZCompressor]: compression time = 3 ms
[DEBUG SZCompressor]: precision = 3, errorBoundMode = 1, algo = 4, interpAlgo = 0, dataSize = 1000000
[DEBUG SZCompressor]: compression time = 2 ms
[DEBUG SZCompressor]: precision = 3, errorBoundMode = 1, algo = 4, interpAlgo = 0, dataSize = 1000000
[DEBUG SZCompressor]: compression time = 1 ms
[DEBUG SZCompressor]: precision = 3, errorBoundMode = 1, algo = 4, interpAlgo = 0, dataSize = 1000000
[DEBUG SZCompressor]: compression time = 1 ms
[DEBUG SZCompressor]: precision = 3, errorBoundMode = 1, algo = 4, interpAlgo = 0, dataSize = 1000000
[DEBUG SZCompressor]: compression time = 1 ms
[DEBUG SZCompressor]: decompression time = 0 ms
[DEBUG SZCompressor]: decompression time = 0 ms
[DEBUG SZCompressor]: decompression time = 0 ms
[DEBUG SZCompressor]: decompression time = 0 ms
[DEBUG SZCompressor]: decompression time = 0 ms
[DEBUG benchmark] Compressor: SZ
[DEBUG benchmark] Compression time: 3.4 ms
[DEBUG benchmark] Decompression time: 1.38294e-310 ms
[DEBUG benchmark] Compression ratio: 1.08179
[DEBUG benchmark] Compressed data size: 924 KB
[DEBUG benchmark] Original data size: 1000 KB
Parameters:
  doTrunk: 0
  doSZ: 1
  iterations: 5
  precision: 3
  debug: 1
  dataMB: 1
  dataSource: normal
  seed: 12345
  mean: 0
  stddev: 1
  trunkCompressionLevel: 9
  szErrorBoundMode: 1
  szAlgo: 4
  szInterpAlgo: 1
  host: Morgana
  timestamp: 1745379541895571119

[DEBUG SZCompressor]: precision = 3, errorBoundMode = 1, algo = 4, interpAlgo = 1, dataSize = 1000000
[DEBUG SZCompressor]: compression time = 1 ms
[DEBUG SZCompressor]: precision = 3, errorBoundMode = 1, algo = 4, interpAlgo = 1, dataSize = 1000000
[DEBUG SZCompressor]: compression time = 1 ms
[DEBUG SZCompressor]: precision = 3, errorBoundMode = 1, algo = 4, interpAlgo = 1, dataSize = 1000000
[DEBUG SZCompressor]: compression time = 1 ms
[DEBUG SZCompressor]: precision = 3, errorBoundMode = 1, algo = 4, interpAlgo = 1, dataSize = 1000000
[DEBUG SZCompressor]: compression time = 1 ms
[DEBUG SZCompressor]: precision = 3, errorBoundMode = 1, algo = 4, interpAlgo = 1, dataSize = 1000000
[DEBUG SZCompressor]: compression time = 1 ms
[DEBUG SZCompressor]: decompression time = 0 ms
[DEBUG SZCompressor]: decompression time = 0 ms
[DEBUG SZCompressor]: decompression time = 0 ms
[DEBUG SZCompressor]: decompression time = 0 ms
[DEBUG SZCompressor]: decompression time = 0 ms
[DEBUG benchmark] Compressor: SZ
[DEBUG benchmark] Compression time: 3 ms
[DEBUG benchmark] Decompression time: 1.39028e-310 ms
[DEBUG benchmark] Compression ratio: 1.08179
[DEBUG benchmark] Compressed data size: 924 KB
[DEBUG benchmark] Original data size: 1000 KB
Parameters:
  doTrunk: 1
  doSZ: 0
  iterations: 5
  precision: 3
  debug: 1
  dataMB: 10
  dataSource: normal
  seed: 12345
  mean: 0
  stddev: 1
  trunkCompressionLevel: 9
  szErrorBoundMode: 1
  szAlgo: 0
  szInterpAlgo: 0
  host: Morgana
  timestamp: 1745379541949037689

[DEBUG TrunkCompressor]: precision = 3, bitsTruncated = 13, compressionLevel = 9, dataSize = 10000000
[DEBUG TrunkCompressor]: truncation time = 61 ms
[DEBUG TrunkCompressor]: compression time = 2360 ms
[DEBUG TrunkCompressor]: precision = 3, bitsTruncated = 13, compressionLevel = 9, dataSize = 10000000
[DEBUG TrunkCompressor]: truncation time = 59 ms
[DEBUG TrunkCompressor]: compression time = 2409 ms
[DEBUG TrunkCompressor]: precision = 3, bitsTruncated = 13, compressionLevel = 9, dataSize = 10000000
[DEBUG TrunkCompressor]: truncation time = 57 ms
[DEBUG TrunkCompressor]: compression time = 2356 ms
[DEBUG TrunkCompressor]: precision = 3, bitsTruncated = 13, compressionLevel = 9, dataSize = 10000000
[DEBUG TrunkCompressor]: truncation time = 55 ms
[DEBUG TrunkCompressor]: compression time = 2417 ms
[DEBUG TrunkCompressor]: precision = 3, bitsTruncated = 13, compressionLevel = 9, dataSize = 10000000
[DEBUG TrunkCompressor]: truncation time = 56 ms
[DEBUG TrunkCompressor]: compression time = 2358 ms
[DEBUG TrunkCompressor]: decompression time = 34 ms
[DEBUG TrunkCompressor]: decompression time = 34 ms
[DEBUG TrunkCompressor]: decompression time = 34 ms
[DEBUG TrunkCompressor]: decompression time = 34 ms
[DEBUG TrunkCompressor]: decompression time = 34 ms
[DEBUG benchmark] Compressor: Trunk
[DEBUG benchmark] Compression time: 2440 ms
[DEBUG benchmark] Decompression time: 39 ms
[DEBUG benchmark] Compression ratio: 1.73015
[DEBUG benchmark] Compressed data size: 5779 KB
[DEBUG benchmark] Original data size: 10000 KB
Parameters:
  doTrunk: 0
  doSZ: 1
  iterations: 5
  precision: 3
  debug: 1
  dataMB: 10
  dataSource: normal
  seed: 12345
  mean: 0
  stddev: 1
  trunkCompressionLevel: 9
  szErrorBoundMode: 1
  szAlgo: 0
  szInterpAlgo: 0
  host: Morgana
  timestamp: 1745379554671638156

[DEBUG SZCompressor]: precision = 3, errorBoundMode = 1, algo = 0, interpAlgo = 0, dataSize = 10000000
[DEBUG SZCompressor]: compression time = 540 ms
[DEBUG SZCompressor]: precision = 3, errorBoundMode = 1, algo = 0, interpAlgo = 0, dataSize = 10000000
[DEBUG SZCompressor]: compression time = 539 ms
[DEBUG SZCompressor]: precision = 3, errorBoundMode = 1, algo = 0, interpAlgo = 0, dataSize = 10000000
[DEBUG SZCompressor]: compression time = 537 ms
[DEBUG SZCompressor]: precision = 3, errorBoundMode = 1, algo = 0, interpAlgo = 0, dataSize = 10000000
[DEBUG SZCompressor]: compression time = 531 ms
[DEBUG SZCompressor]: precision = 3, errorBoundMode = 1, algo = 0, interpAlgo = 0, dataSize = 10000000
[DEBUG SZCompressor]: compression time = 535 ms
[DEBUG SZCompressor]: decompression time = 431 ms
[DEBUG SZCompressor]: decompression time = 444 ms
[DEBUG SZCompressor]: decompression time = 473 ms
[DEBUG SZCompressor]: decompression time = 2075 ms
[DEBUG SZCompressor]: decompression time = 452 ms
[DEBUG benchmark] Compressor: SZ
[DEBUG benchmark] Compression time: 541.2 ms
[DEBUG benchmark] Decompression time: 775.8 ms
[DEBUG benchmark] Compression ratio: 3.57214
[DEBUG benchmark] Compressed data size: 2799 KB
[DEBUG benchmark] Original data size: 10000 KB
Parameters:
  doTrunk: 0
  doSZ: 1
  iterations: 5
  precision: 3
  debug: 1
  dataMB: 10
  dataSource: normal
  seed: 12345
  mean: 0
  stddev: 1
  trunkCompressionLevel: 9
  szErrorBoundMode: 1
  szAlgo: 0
  szInterpAlgo: 1
  host: Morgana
  timestamp: 1745379561592108595

[DEBUG SZCompressor]: precision = 3, errorBoundMode = 1, algo = 0, interpAlgo = 1, dataSize = 10000000
[DEBUG SZCompressor]: compression time = 564 ms
[DEBUG SZCompressor]: precision = 3, errorBoundMode = 1, algo = 0, interpAlgo = 1, dataSize = 10000000
[DEBUG SZCompressor]: compression time = 561 ms
[DEBUG SZCompressor]: precision = 3, errorBoundMode = 1, algo = 0, interpAlgo = 1, dataSize = 10000000
[DEBUG SZCompressor]: compression time = 568 ms
[DEBUG SZCompressor]: precision = 3, errorBoundMode = 1, algo = 0, interpAlgo = 1, dataSize = 10000000
[DEBUG SZCompressor]: compression time = 554 ms
[DEBUG SZCompressor]: precision = 3, errorBoundMode = 1, algo = 0, interpAlgo = 1, dataSize = 10000000
[DEBUG SZCompressor]: compression time = 565 ms
[DEBUG SZCompressor]: decompression time = 452 ms
[DEBUG SZCompressor]: decompression time = 431 ms
[DEBUG SZCompressor]: decompression time = 427 ms
[DEBUG SZCompressor]: decompression time = 428 ms
[DEBUG SZCompressor]: decompression time = 463 ms
[DEBUG benchmark] Compressor: SZ
[DEBUG benchmark] Compression time: 567.4 ms
[DEBUG benchmark] Decompression time: 440.8 ms
[DEBUG benchmark] Compression ratio: 3.57214
[DEBUG benchmark] Compressed data size: 2799 KB
[DEBUG benchmark] Original data size: 10000 KB
Parameters:
  doTrunk: 0
  doSZ: 1
  iterations: 5
  precision: 3
  debug: 1
  dataMB: 10
  dataSource: normal
  seed: 12345
  mean: 0
  stddev: 1
  trunkCompressionLevel: 9
  szErrorBoundMode: 1
  szAlgo: 1
  szInterpAlgo: 0
  host: Morgana
  timestamp: 1745379566984912134

[DEBUG SZCompressor]: precision = 3, errorBoundMode = 1, algo = 1, interpAlgo = 0, dataSize = 10000000
[DEBUG SZCompressor]: compression time = 620 ms
[DEBUG SZCompressor]: precision = 3, errorBoundMode = 1, algo = 1, interpAlgo = 0, dataSize = 10000000
[DEBUG SZCompressor]: compression time = 582 ms
[DEBUG SZCompressor]: precision = 3, errorBoundMode = 1, algo = 1, interpAlgo = 0, dataSize = 10000000
[DEBUG SZCompressor]: compression time = 579 ms
[DEBUG SZCompressor]: precision = 3, errorBoundMode = 1, algo = 1, interpAlgo = 0, dataSize = 10000000
[DEBUG SZCompressor]: compression time = 580 ms
[DEBUG SZCompressor]: precision = 3, errorBoundMode = 1, algo = 1, interpAlgo = 0, dataSize = 10000000
[DEBUG SZCompressor]: compression time = 581 ms
[DEBUG SZCompressor]: decompression time = 211 ms
[DEBUG SZCompressor]: decompression time = 211 ms
[DEBUG SZCompressor]: decompression time = 211 ms
[DEBUG SZCompressor]: decompression time = 213 ms
[DEBUG SZCompressor]: decompression time = 212 ms
[DEBUG benchmark] Compressor: SZ
[DEBUG benchmark] Compression time: 593.6 ms
[DEBUG benchmark] Decompression time: 212.6 ms
[DEBUG benchmark] Compression ratio: 3.40985
[DEBUG benchmark] Compressed data size: 2932 KB
[DEBUG benchmark] Original data size: 10000 KB
Parameters:
  doTrunk: 0
  doSZ: 1
  iterations: 5
  precision: 3
  debug: 1
  dataMB: 10
  dataSource: normal
  seed: 12345
  mean: 0
  stddev: 1
  trunkCompressionLevel: 9
  szErrorBoundMode: 1
  szAlgo: 1
  szInterpAlgo: 1
  host: Morgana
  timestamp: 1745379571347725459

[DEBUG SZCompressor]: precision = 3, errorBoundMode = 1, algo = 1, interpAlgo = 1, dataSize = 10000000
[DEBUG SZCompressor]: compression time = 583 ms
[DEBUG SZCompressor]: precision = 3, errorBoundMode = 1, algo = 1, interpAlgo = 1, dataSize = 10000000
[DEBUG SZCompressor]: compression time = 573 ms
[DEBUG SZCompressor]: precision = 3, errorBoundMode = 1, algo = 1, interpAlgo = 1, dataSize = 10000000
[DEBUG SZCompressor]: compression time = 575 ms
[DEBUG SZCompressor]: precision = 3, errorBoundMode = 1, algo = 1, interpAlgo = 1, dataSize = 10000000
[DEBUG SZCompressor]: compression time = 580 ms
[DEBUG SZCompressor]: precision = 3, errorBoundMode = 1, algo = 1, interpAlgo = 1, dataSize = 10000000
[DEBUG SZCompressor]: compression time = 575 ms
[DEBUG SZCompressor]: decompression time = 211 ms
[DEBUG SZCompressor]: decompression time = 211 ms
[DEBUG SZCompressor]: decompression time = 211 ms
[DEBUG SZCompressor]: decompression time = 213 ms
[DEBUG SZCompressor]: decompression time = 212 ms
[DEBUG benchmark] Compressor: SZ
[DEBUG benchmark] Compression time: 582.8 ms
[DEBUG benchmark] Decompression time: 213 ms
[DEBUG benchmark] Compression ratio: 3.40985
[DEBUG benchmark] Compressed data size: 2932 KB
[DEBUG benchmark] Original data size: 10000 KB
Parameters:
  doTrunk: 0
  doSZ: 1
  iterations: 5
  precision: 3
  debug: 1
  dataMB: 10
  dataSource: normal
  seed: 12345
  mean: 0
  stddev: 1
  trunkCompressionLevel: 9
  szErrorBoundMode: 1
  szAlgo: 2
  szInterpAlgo: 0
  host: Morgana
  timestamp: 1745379575657980759

[DEBUG SZCompressor]: precision = 3, errorBoundMode = 1, algo = 2, interpAlgo = 0, dataSize = 10000000
[DEBUG SZCompressor]: compression time = 199 ms
[DEBUG SZCompressor]: precision = 3, errorBoundMode = 1, algo = 2, interpAlgo = 0, dataSize = 10000000
[DEBUG SZCompressor]: compression time = 204 ms
[DEBUG SZCompressor]: precision = 3, errorBoundMode = 1, algo = 2, interpAlgo = 0, dataSize = 10000000
[DEBUG SZCompressor]: compression time = 199 ms
[DEBUG SZCompressor]: precision = 3, errorBoundMode = 1, algo = 2, interpAlgo = 0, dataSize = 10000000
[DEBUG SZCompressor]: compression time = 199 ms
[DEBUG SZCompressor]: precision = 3, errorBoundMode = 1, algo = 2, interpAlgo = 0, dataSize = 10000000
[DEBUG SZCompressor]: compression time = 199 ms
[DEBUG SZCompressor]: decompression time = 223 ms
[DEBUG SZCompressor]: decompression time = 208 ms
[DEBUG SZCompressor]: decompression time = 210 ms
[DEBUG SZCompressor]: decompression time = 203 ms
[DEBUG SZCompressor]: decompression time = 203 ms
[DEBUG benchmark] Compressor: SZ
[DEBUG benchmark] Compression time: 205 ms
[DEBUG benchmark] Decompression time: 210.6 ms
[DEBUG benchmark] Compression ratio: 3.40985
[DEBUG benchmark] Compressed data size: 2932 KB
[DEBUG benchmark] Original data size: 10000 KB
Parameters:
  doTrunk: 0
  doSZ: 1
  iterations: 5
  precision: 3
  debug: 1
  dataMB: 10
  dataSource: normal
  seed: 12345
  mean: 0
  stddev: 1
  trunkCompressionLevel: 9
  szErrorBoundMode: 1
  szAlgo: 2
  szInterpAlgo: 1
  host: Morgana
  timestamp: 1745379578062369819

[DEBUG SZCompressor]: precision = 3, errorBoundMode = 1, algo = 2, interpAlgo = 1, dataSize = 10000000
[DEBUG SZCompressor]: compression time = 207 ms
[DEBUG SZCompressor]: precision = 3, errorBoundMode = 1, algo = 2, interpAlgo = 1, dataSize = 10000000
[DEBUG SZCompressor]: compression time = 204 ms
[DEBUG SZCompressor]: precision = 3, errorBoundMode = 1, algo = 2, interpAlgo = 1, dataSize = 10000000
[DEBUG SZCompressor]: compression time = 200 ms
[DEBUG SZCompressor]: precision = 3, errorBoundMode = 1, algo = 2, interpAlgo = 1, dataSize = 10000000
[DEBUG SZCompressor]: compression time = 204 ms
[DEBUG SZCompressor]: precision = 3, errorBoundMode = 1, algo = 2, interpAlgo = 1, dataSize = 10000000
[DEBUG SZCompressor]: compression time = 203 ms
[DEBUG SZCompressor]: decompression time = 208 ms
[DEBUG SZCompressor]: decompression time = 208 ms
[DEBUG SZCompressor]: decompression time = 228 ms
[DEBUG SZCompressor]: decompression time = 209 ms
[DEBUG SZCompressor]: decompression time = 209 ms
[DEBUG benchmark] Compressor: SZ
[DEBUG benchmark] Compression time: 209 ms
[DEBUG benchmark] Decompression time: 213.6 ms
[DEBUG benchmark] Compression ratio: 3.38461
[DEBUG benchmark] Compressed data size: 2954 KB
[DEBUG benchmark] Original data size: 10000 KB
Parameters:
  doTrunk: 0
  doSZ: 1
  iterations: 5
  precision: 3
  debug: 1
  dataMB: 10
  dataSource: normal
  seed: 12345
  mean: 0
  stddev: 1
  trunkCompressionLevel: 9
  szErrorBoundMode: 1
  szAlgo: 3
  szInterpAlgo: 0
  host: Morgana
  timestamp: 1745379580498785222

[DEBUG SZCompressor]: precision = 3, errorBoundMode = 1, algo = 3, interpAlgo = 0, dataSize = 10000000
[DEBUG SZCompressor]: compression time = 161 ms
[DEBUG SZCompressor]: precision = 3, errorBoundMode = 1, algo = 3, interpAlgo = 0, dataSize = 10000000
[DEBUG SZCompressor]: compression time = 159 ms
[DEBUG SZCompressor]: precision = 3, errorBoundMode = 1, algo = 3, interpAlgo = 0, dataSize = 10000000
[DEBUG SZCompressor]: compression time = 159 ms
[DEBUG SZCompressor]: precision = 3, errorBoundMode = 1, algo = 3, interpAlgo = 0, dataSize = 10000000
[DEBUG SZCompressor]: compression time = 159 ms
[DEBUG SZCompressor]: precision = 3, errorBoundMode = 1, algo = 3, interpAlgo = 0, dataSize = 10000000
[DEBUG SZCompressor]: compression time = 160 ms
[DEBUG SZCompressor]: decompression time = 169 ms
[DEBUG SZCompressor]: decompression time = 167 ms
[DEBUG SZCompressor]: decompression time = 167 ms
[DEBUG SZCompressor]: decompression time = 204 ms
[DEBUG SZCompressor]: decompression time = 175 ms
[DEBUG benchmark] Compressor: SZ
[DEBUG benchmark] Compression time: 164 ms
[DEBUG benchmark] Decompression time: 177.2 ms
[DEBUG benchmark] Compression ratio: 3.69041
[DEBUG benchmark] Compressed data size: 2709 KB
[DEBUG benchmark] Original data size: 10000 KB
Parameters:
  doTrunk: 0
  doSZ: 1
  iterations: 5
  precision: 3
  debug: 1
  dataMB: 10
  dataSource: normal
  seed: 12345
  mean: 0
  stddev: 1
  trunkCompressionLevel: 9
  szErrorBoundMode: 1
  szAlgo: 3
  szInterpAlgo: 1
  host: Morgana
  timestamp: 1745379582545016710

[DEBUG SZCompressor]: precision = 3, errorBoundMode = 1, algo = 3, interpAlgo = 1, dataSize = 10000000
[DEBUG SZCompressor]: compression time = 169 ms
[DEBUG SZCompressor]: precision = 3, errorBoundMode = 1, algo = 3, interpAlgo = 1, dataSize = 10000000
[DEBUG SZCompressor]: compression time = 166 ms
[DEBUG SZCompressor]: precision = 3, errorBoundMode = 1, algo = 3, interpAlgo = 1, dataSize = 10000000
[DEBUG SZCompressor]: compression time = 165 ms
[DEBUG SZCompressor]: precision = 3, errorBoundMode = 1, algo = 3, interpAlgo = 1, dataSize = 10000000
[DEBUG SZCompressor]: compression time = 165 ms
[DEBUG SZCompressor]: precision = 3, errorBoundMode = 1, algo = 3, interpAlgo = 1, dataSize = 10000000
[DEBUG SZCompressor]: compression time = 168 ms
[DEBUG SZCompressor]: decompression time = 177 ms
[DEBUG SZCompressor]: decompression time = 176 ms
[DEBUG SZCompressor]: decompression time = 175 ms
[DEBUG SZCompressor]: decompression time = 200 ms
[DEBUG SZCompressor]: decompression time = 191 ms
[DEBUG benchmark] Compressor: SZ
[DEBUG benchmark] Compression time: 171.6 ms
[DEBUG benchmark] Decompression time: 184.6 ms
[DEBUG benchmark] Compression ratio: 3.69041
[DEBUG benchmark] Compressed data size: 2709 KB
[DEBUG benchmark] Original data size: 10000 KB
Parameters:
  doTrunk: 0
  doSZ: 1
  iterations: 5
  precision: 3
  debug: 1
  dataMB: 10
  dataSource: normal
  seed: 12345
  mean: 0
  stddev: 1
  trunkCompressionLevel: 9
  szErrorBoundMode: 1
  szAlgo: 4
  szInterpAlgo: 0
  host: Morgana
  timestamp: 1745379584657504581

[DEBUG SZCompressor]: precision = 3, errorBoundMode = 1, algo = 4, interpAlgo = 0, dataSize = 10000000
[DEBUG SZCompressor]: compression time = 16 ms
[DEBUG SZCompressor]: precision = 3, errorBoundMode = 1, algo = 4, interpAlgo = 0, dataSize = 10000000
[DEBUG SZCompressor]: compression time = 16 ms
[DEBUG SZCompressor]: precision = 3, errorBoundMode = 1, algo = 4, interpAlgo = 0, dataSize = 10000000
[DEBUG SZCompressor]: compression time = 15 ms
[DEBUG SZCompressor]: precision = 3, errorBoundMode = 1, algo = 4, interpAlgo = 0, dataSize = 10000000
[DEBUG SZCompressor]: compression time = 15 ms
[DEBUG SZCompressor]: precision = 3, errorBoundMode = 1, algo = 4, interpAlgo = 0, dataSize = 10000000
[DEBUG SZCompressor]: compression time = 15 ms
[DEBUG SZCompressor]: decompression time = 6 ms
[DEBUG SZCompressor]: decompression time = 5 ms
[DEBUG SZCompressor]: decompression time = 5 ms
[DEBUG SZCompressor]: decompression time = 7 ms
[DEBUG SZCompressor]: decompression time = 6 ms
[DEBUG benchmark] Compressor: SZ
[DEBUG benchmark] Compression time: 32 ms
[DEBUG benchmark] Decompression time: 7.6 ms
[DEBUG benchmark] Compression ratio: 1.08201
[DEBUG benchmark] Compressed data size: 9242 KB
[DEBUG benchmark] Original data size: 10000 KB
Parameters:
  doTrunk: 0
  doSZ: 1
  iterations: 5
  precision: 3
  debug: 1
  dataMB: 10
  dataSource: normal
  seed: 12345
  mean: 0
  stddev: 1
  trunkCompressionLevel: 9
  szErrorBoundMode: 1
  szAlgo: 4
  szInterpAlgo: 1
  host: Morgana
  timestamp: 1745379585189259123

[DEBUG SZCompressor]: precision = 3, errorBoundMode = 1, algo = 4, interpAlgo = 1, dataSize = 10000000
[DEBUG SZCompressor]: compression time = 16 ms
[DEBUG SZCompressor]: precision = 3, errorBoundMode = 1, algo = 4, interpAlgo = 1, dataSize = 10000000
[DEBUG SZCompressor]: compression time = 21 ms
[DEBUG SZCompressor]: precision = 3, errorBoundMode = 1, algo = 4, interpAlgo = 1, dataSize = 10000000
[DEBUG SZCompressor]: compression time = 16 ms
[DEBUG SZCompressor]: precision = 3, errorBoundMode = 1, algo = 4, interpAlgo = 1, dataSize = 10000000
[DEBUG SZCompressor]: compression time = 16 ms
[DEBUG SZCompressor]: precision = 3, errorBoundMode = 1, algo = 4, interpAlgo = 1, dataSize = 10000000
[DEBUG SZCompressor]: compression time = 16 ms
[DEBUG SZCompressor]: decompression time = 6 ms
[DEBUG SZCompressor]: decompression time = 6 ms
[DEBUG SZCompressor]: decompression time = 6 ms
[DEBUG SZCompressor]: decompression time = 8 ms
[DEBUG SZCompressor]: decompression time = 6 ms
[DEBUG benchmark] Compressor: SZ
[DEBUG benchmark] Compression time: 33.8 ms
[DEBUG benchmark] Decompression time: 8.4 ms
[DEBUG benchmark] Compression ratio: 1.08201
[DEBUG benchmark] Compressed data size: 9242 KB
[DEBUG benchmark] Original data size: 10000 KB
Parameters:
  doTrunk: 1
  doSZ: 0
  iterations: 5
  precision: 3
  debug: 1
  dataMB: 100
  dataSource: normal
  seed: 12345
  mean: 0
  stddev: 1
  trunkCompressionLevel: 9
  szErrorBoundMode: 1
  szAlgo: 0
  szInterpAlgo: 0
  host: Morgana
  timestamp: 1745379585735921451

[DEBUG TrunkCompressor]: precision = 3, bitsTruncated = 13, compressionLevel = 9, dataSize = 100000000
[DEBUG TrunkCompressor]: truncation time = 669 ms
[DEBUG TrunkCompressor]: compression time = 25524 ms
[DEBUG TrunkCompressor]: precision = 3, bitsTruncated = 13, compressionLevel = 9, dataSize = 100000000
[DEBUG TrunkCompressor]: truncation time = 607 ms
[DEBUG TrunkCompressor]: compression time = 25741 ms
[DEBUG TrunkCompressor]: precision = 3, bitsTruncated = 13, compressionLevel = 9, dataSize = 100000000
[DEBUG TrunkCompressor]: truncation time = 606 ms
[DEBUG TrunkCompressor]: compression time = 25537 ms
[DEBUG TrunkCompressor]: precision = 3, bitsTruncated = 13, compressionLevel = 9, dataSize = 100000000
[DEBUG TrunkCompressor]: truncation time = 608 ms
[DEBUG TrunkCompressor]: compression time = 23660 ms
[DEBUG TrunkCompressor]: precision = 3, bitsTruncated = 13, compressionLevel = 9, dataSize = 100000000
[DEBUG TrunkCompressor]: truncation time = 588 ms
[DEBUG TrunkCompressor]: compression time = 25786 ms
[DEBUG TrunkCompressor]: decompression time = 352 ms
[DEBUG TrunkCompressor]: decompression time = 363 ms
[DEBUG TrunkCompressor]: decompression time = 348 ms
[DEBUG TrunkCompressor]: decompression time = 350 ms
[DEBUG TrunkCompressor]: decompression time = 395 ms
[DEBUG benchmark] Compressor: Trunk
[DEBUG benchmark] Compression time: 25873.6 ms
[DEBUG benchmark] Decompression time: 414 ms
[DEBUG benchmark] Compression ratio: 1.73052
[DEBUG benchmark] Compressed data size: 57786 KB
[DEBUG benchmark] Original data size: 100000 KB
Parameters:
  doTrunk: 0
  doSZ: 1
  iterations: 5
  precision: 3
  debug: 1
  dataMB: 100
  dataSource: normal
  seed: 12345
  mean: 0
  stddev: 1
  trunkCompressionLevel: 9
  szErrorBoundMode: 1
  szAlgo: 0
  szInterpAlgo: 0
  host: Morgana
  timestamp: 1745379720476884010

[DEBUG SZCompressor]: precision = 3, errorBoundMode = 1, algo = 0, interpAlgo = 0, dataSize = 100000000
[DEBUG SZCompressor]: compression time = 6927 ms
[DEBUG SZCompressor]: precision = 3, errorBoundMode = 1, algo = 0, interpAlgo = 0, dataSize = 100000000
[DEBUG SZCompressor]: compression time = 5437 ms
[DEBUG SZCompressor]: precision = 3, errorBoundMode = 1, algo = 0, interpAlgo = 0, dataSize = 100000000
[DEBUG SZCompressor]: compression time = 5505 ms
[DEBUG SZCompressor]: precision = 3, errorBoundMode = 1, algo = 0, interpAlgo = 0, dataSize = 100000000
[DEBUG SZCompressor]: compression time = 5458 ms
[DEBUG SZCompressor]: precision = 3, errorBoundMode = 1, algo = 0, interpAlgo = 0, dataSize = 100000000
[DEBUG SZCompressor]: compression time = 5339 ms
[DEBUG SZCompressor]: decompression time = 4365 ms
[DEBUG SZCompressor]: decompression time = 4426 ms
[DEBUG SZCompressor]: decompression time = 5868 ms
[DEBUG SZCompressor]: decompression time = 4476 ms
[DEBUG SZCompressor]: decompression time = 4408 ms
[DEBUG benchmark] Compressor: SZ
[DEBUG benchmark] Compression time: 5782.2 ms
[DEBUG benchmark] Decompression time: 4736 ms
[DEBUG benchmark] Compression ratio: 3.62016
[DEBUG benchmark] Compressed data size: 27623 KB
[DEBUG benchmark] Original data size: 100000 KB
Parameters:
  doTrunk: 0
  doSZ: 1
  iterations: 5
  precision: 3
  debug: 1
  dataMB: 100
  dataSource: normal
  seed: 12345
  mean: 0
  stddev: 1
  trunkCompressionLevel: 9
  szErrorBoundMode: 1
  szAlgo: 0
  szInterpAlgo: 1
  host: Morgana
  timestamp: 1745379776384261596

[DEBUG SZCompressor]: precision = 3, errorBoundMode = 1, algo = 0, interpAlgo = 1, dataSize = 100000000
[DEBUG SZCompressor]: compression time = 5493 ms
[DEBUG SZCompressor]: precision = 3, errorBoundMode = 1, algo = 0, interpAlgo = 1, dataSize = 100000000
[DEBUG SZCompressor]: compression time = 5385 ms
[DEBUG SZCompressor]: precision = 3, errorBoundMode = 1, algo = 0, interpAlgo = 1, dataSize = 100000000
[DEBUG SZCompressor]: compression time = 6831 ms
[DEBUG SZCompressor]: precision = 3, errorBoundMode = 1, algo = 0, interpAlgo = 1, dataSize = 100000000
[DEBUG SZCompressor]: compression time = 5355 ms
[DEBUG SZCompressor]: precision = 3, errorBoundMode = 1, algo = 0, interpAlgo = 1, dataSize = 100000000
[DEBUG SZCompressor]: compression time = 5420 ms
[DEBUG SZCompressor]: decompression time = 4418 ms
[DEBUG SZCompressor]: decompression time = 4364 ms
[DEBUG SZCompressor]: decompression time = 4415 ms
[DEBUG SZCompressor]: decompression time = 4348 ms
[DEBUG SZCompressor]: decompression time = 5879 ms
[DEBUG benchmark] Compressor: SZ
[DEBUG benchmark] Compression time: 5747 ms
[DEBUG benchmark] Decompression time: 4702.2 ms
[DEBUG benchmark] Compression ratio: 3.62016
[DEBUG benchmark] Compressed data size: 27623 KB
[DEBUG benchmark] Original data size: 100000 KB
Parameters:
  doTrunk: 0
  doSZ: 1
  iterations: 5
  precision: 3
  debug: 1
  dataMB: 100
  dataSource: normal
  seed: 12345
  mean: 0
  stddev: 1
  trunkCompressionLevel: 9
  szErrorBoundMode: 1
  szAlgo: 1
  szInterpAlgo: 0
  host: Morgana
  timestamp: 1745379831872021551

[DEBUG SZCompressor]: precision = 3, errorBoundMode = 1, algo = 1, interpAlgo = 0, dataSize = 100000000
[DEBUG SZCompressor]: compression time = 5907 ms
[DEBUG SZCompressor]: precision = 3, errorBoundMode = 1, algo = 1, interpAlgo = 0, dataSize = 100000000
[DEBUG SZCompressor]: compression time = 5799 ms
[DEBUG SZCompressor]: precision = 3, errorBoundMode = 1, algo = 1, interpAlgo = 0, dataSize = 100000000
[DEBUG SZCompressor]: compression time = 5818 ms
[DEBUG SZCompressor]: precision = 3, errorBoundMode = 1, algo = 1, interpAlgo = 0, dataSize = 100000000
[DEBUG SZCompressor]: compression time = 5820 ms
[DEBUG SZCompressor]: precision = 3, errorBoundMode = 1, algo = 1, interpAlgo = 0, dataSize = 100000000
[DEBUG SZCompressor]: compression time = 7290 ms
[DEBUG SZCompressor]: decompression time = 2123 ms
[DEBUG SZCompressor]: decompression time = 2151 ms
[DEBUG SZCompressor]: decompression time = 2144 ms
[DEBUG SZCompressor]: decompression time = 2117 ms
[DEBUG SZCompressor]: decompression time = 2134 ms
[DEBUG benchmark] Compressor: SZ
[DEBUG benchmark] Compression time: 6177.6 ms
[DEBUG benchmark] Decompression time: 2149.4 ms
[DEBUG benchmark] Compression ratio: 3.4562
[DEBUG benchmark] Compressed data size: 28933 KB
[DEBUG benchmark] Original data size: 100000 KB
Parameters:
  doTrunk: 0
  doSZ: 1
  iterations: 5
  precision: 3
  debug: 1
  dataMB: 100
  dataSource: normal
  seed: 12345
  mean: 0
  stddev: 1
  trunkCompressionLevel: 9
  szErrorBoundMode: 1
  szAlgo: 1
  szInterpAlgo: 1
  host: Morgana
  timestamp: 1745379876801723407

[DEBUG SZCompressor]: precision = 3, errorBoundMode = 1, algo = 1, interpAlgo = 1, dataSize = 100000000
[DEBUG SZCompressor]: compression time = 5858 ms
[DEBUG SZCompressor]: precision = 3, errorBoundMode = 1, algo = 1, interpAlgo = 1, dataSize = 100000000
[DEBUG SZCompressor]: compression time = 5905 ms
[DEBUG SZCompressor]: precision = 3, errorBoundMode = 1, algo = 1, interpAlgo = 1, dataSize = 100000000
[DEBUG SZCompressor]: compression time = 7332 ms
[DEBUG SZCompressor]: precision = 3, errorBoundMode = 1, algo = 1, interpAlgo = 1, dataSize = 100000000
[DEBUG SZCompressor]: compression time = 5899 ms
[DEBUG SZCompressor]: precision = 3, errorBoundMode = 1, algo = 1, interpAlgo = 1, dataSize = 100000000
[DEBUG SZCompressor]: compression time = 5842 ms
[DEBUG SZCompressor]: decompression time = 2133 ms
[DEBUG SZCompressor]: decompression time = 2195 ms
[DEBUG SZCompressor]: decompression time = 2133 ms
[DEBUG SZCompressor]: decompression time = 2150 ms
[DEBUG SZCompressor]: decompression time = 2140 ms
[DEBUG benchmark] Compressor: SZ
[DEBUG benchmark] Compression time: 6218.2 ms
[DEBUG benchmark] Decompression time: 2166 ms
[DEBUG benchmark] Compression ratio: 3.4562
[DEBUG benchmark] Compressed data size: 28933 KB
[DEBUG benchmark] Original data size: 100000 KB
Parameters:
  doTrunk: 0
  doSZ: 1
  iterations: 5
  precision: 3
  debug: 1
  dataMB: 100
  dataSource: normal
  seed: 12345
  mean: 0
  stddev: 1
  trunkCompressionLevel: 9
  szErrorBoundMode: 1
  szAlgo: 2
  szInterpAlgo: 0
  host: Morgana
  timestamp: 1745379921974070378

[DEBUG SZCompressor]: precision = 3, errorBoundMode = 1, algo = 2, interpAlgo = 0, dataSize = 100000000
[DEBUG SZCompressor]: compression time = 2164 ms
[DEBUG SZCompressor]: precision = 3, errorBoundMode = 1, algo = 2, interpAlgo = 0, dataSize = 100000000
[DEBUG SZCompressor]: compression time = 2110 ms
[DEBUG SZCompressor]: precision = 3, errorBoundMode = 1, algo = 2, interpAlgo = 0, dataSize = 100000000
[DEBUG SZCompressor]: compression time = 3665 ms
[DEBUG SZCompressor]: precision = 3, errorBoundMode = 1, algo = 2, interpAlgo = 0, dataSize = 100000000
[DEBUG SZCompressor]: compression time = 2098 ms
[DEBUG SZCompressor]: precision = 3, errorBoundMode = 1, algo = 2, interpAlgo = 0, dataSize = 100000000
[DEBUG SZCompressor]: compression time = 2103 ms
[DEBUG SZCompressor]: decompression time = 2152 ms
[DEBUG SZCompressor]: decompression time = 2147 ms
[DEBUG SZCompressor]: decompression time = 2101 ms
[DEBUG SZCompressor]: decompression time = 2144 ms
[DEBUG SZCompressor]: decompression time = 2121 ms
[DEBUG benchmark] Compressor: SZ
[DEBUG benchmark] Compression time: 2479 ms
[DEBUG benchmark] Decompression time: 2146.2 ms
[DEBUG benchmark] Compression ratio: 3.4562
[DEBUG benchmark] Compressed data size: 28933 KB
[DEBUG benchmark] Original data size: 100000 KB
Parameters:
  doTrunk: 0
  doSZ: 1
  iterations: 5
  precision: 3
  debug: 1
  dataMB: 100
  dataSource: normal
  seed: 12345
  mean: 0
  stddev: 1
  trunkCompressionLevel: 9
  szErrorBoundMode: 1
  szAlgo: 2
  szInterpAlgo: 1
  host: Morgana
  timestamp: 1745379948385888162

[DEBUG SZCompressor]: precision = 3, errorBoundMode = 1, algo = 2, interpAlgo = 1, dataSize = 100000000
[DEBUG SZCompressor]: compression time = 2159 ms
[DEBUG SZCompressor]: precision = 3, errorBoundMode = 1, algo = 2, interpAlgo = 1, dataSize = 100000000
[DEBUG SZCompressor]: compression time = 2098 ms
[DEBUG SZCompressor]: precision = 3, errorBoundMode = 1, algo = 2, interpAlgo = 1, dataSize = 100000000
[DEBUG SZCompressor]: compression time = 2182 ms
[DEBUG SZCompressor]: precision = 3, errorBoundMode = 1, algo = 2, interpAlgo = 1, dataSize = 100000000
[DEBUG SZCompressor]: compression time = 2117 ms
[DEBUG SZCompressor]: precision = 3, errorBoundMode = 1, algo = 2, interpAlgo = 1, dataSize = 100000000
[DEBUG SZCompressor]: compression time = 2117 ms
[DEBUG SZCompressor]: decompression time = 3676 ms
[DEBUG SZCompressor]: decompression time = 2236 ms
[DEBUG SZCompressor]: decompression time = 2184 ms
[DEBUG SZCompressor]: decompression time = 2193 ms
[DEBUG SZCompressor]: decompression time = 2183 ms
[DEBUG benchmark] Compressor: SZ
[DEBUG benchmark] Compression time: 2192.8 ms
[DEBUG benchmark] Decompression time: 2508.2 ms
[DEBUG benchmark] Compression ratio: 3.42995
[DEBUG benchmark] Compressed data size: 29154 KB
[DEBUG benchmark] Original data size: 100000 KB
Parameters:
  doTrunk: 0
  doSZ: 1
  iterations: 5
  precision: 3
  debug: 1
  dataMB: 100
  dataSource: normal
  seed: 12345
  mean: 0
  stddev: 1
  trunkCompressionLevel: 9
  szErrorBoundMode: 1
  szAlgo: 3
  szInterpAlgo: 0
  host: Morgana
  timestamp: 1745379975143780371

[DEBUG SZCompressor]: precision = 3, errorBoundMode = 1, algo = 3, interpAlgo = 0, dataSize = 100000000
[DEBUG SZCompressor]: compression time = 1709 ms
[DEBUG SZCompressor]: precision = 3, errorBoundMode = 1, algo = 3, interpAlgo = 0, dataSize = 100000000
[DEBUG SZCompressor]: compression time = 1683 ms
[DEBUG SZCompressor]: precision = 3, errorBoundMode = 1, algo = 3, interpAlgo = 0, dataSize = 100000000
[DEBUG SZCompressor]: compression time = 1661 ms
[DEBUG SZCompressor]: precision = 3, errorBoundMode = 1, algo = 3, interpAlgo = 0, dataSize = 100000000
[DEBUG SZCompressor]: compression time = 1667 ms
[DEBUG SZCompressor]: precision = 3, errorBoundMode = 1, algo = 3, interpAlgo = 0, dataSize = 100000000
[DEBUG SZCompressor]: compression time = 1743 ms
[DEBUG SZCompressor]: decompression time = 1800 ms
[DEBUG SZCompressor]: decompression time = 1791 ms
[DEBUG SZCompressor]: decompression time = 1801 ms
[DEBUG SZCompressor]: decompression time = 1760 ms
[DEBUG SZCompressor]: decompression time = 1823 ms
[DEBUG benchmark] Compressor: SZ
[DEBUG benchmark] Compression time: 1739.8 ms
[DEBUG benchmark] Decompression time: 1809 ms
[DEBUG benchmark] Compression ratio: 3.73199
[DEBUG benchmark] Compressed data size: 26795 KB
[DEBUG benchmark] Original data size: 100000 KB
Parameters:
  doTrunk: 0
  doSZ: 1
  iterations: 5
  precision: 3
  debug: 1
  dataMB: 100
  dataSource: normal
  seed: 12345
  mean: 0
  stddev: 1
  trunkCompressionLevel: 9
  szErrorBoundMode: 1
  szAlgo: 3
  szInterpAlgo: 1
  host: Morgana
  timestamp: 1745379996168612114

[DEBUG SZCompressor]: precision = 3, errorBoundMode = 1, algo = 3, interpAlgo = 1, dataSize = 100000000
[DEBUG SZCompressor]: compression time = 1726 ms
[DEBUG SZCompressor]: precision = 3, errorBoundMode = 1, algo = 3, interpAlgo = 1, dataSize = 100000000
[DEBUG SZCompressor]: compression time = 1718 ms
[DEBUG SZCompressor]: precision = 3, errorBoundMode = 1, algo = 3, interpAlgo = 1, dataSize = 100000000
[DEBUG SZCompressor]: compression time = 1702 ms
[DEBUG SZCompressor]: precision = 3, errorBoundMode = 1, algo = 3, interpAlgo = 1, dataSize = 100000000
[DEBUG SZCompressor]: compression time = 1665 ms
[DEBUG SZCompressor]: precision = 3, errorBoundMode = 1, algo = 3, interpAlgo = 1, dataSize = 100000000
[DEBUG SZCompressor]: compression time = 1748 ms
[DEBUG SZCompressor]: decompression time = 1758 ms
[DEBUG SZCompressor]: decompression time = 1809 ms
[DEBUG SZCompressor]: decompression time = 1760 ms
[DEBUG SZCompressor]: decompression time = 1802 ms
[DEBUG SZCompressor]: decompression time = 1841 ms
[DEBUG benchmark] Compressor: SZ
[DEBUG benchmark] Compression time: 1758.8 ms
[DEBUG benchmark] Decompression time: 1809 ms
[DEBUG benchmark] Compression ratio: 3.73199
[DEBUG benchmark] Compressed data size: 26795 KB
[DEBUG benchmark] Original data size: 100000 KB
Parameters:
  doTrunk: 0
  doSZ: 1
  iterations: 5
  precision: 3
  debug: 1
  dataMB: 100
  dataSource: normal
  seed: 12345
  mean: 0
  stddev: 1
  trunkCompressionLevel: 9
  szErrorBoundMode: 1
  szAlgo: 4
  szInterpAlgo: 0
  host: Morgana
  timestamp: 1745380018791251352

[DEBUG SZCompressor]: precision = 3, errorBoundMode = 1, algo = 4, interpAlgo = 0, dataSize = 100000000
[DEBUG SZCompressor]: compression time = 217 ms
[DEBUG SZCompressor]: precision = 3, errorBoundMode = 1, algo = 4, interpAlgo = 0, dataSize = 100000000
[DEBUG SZCompressor]: compression time = 163 ms
[DEBUG SZCompressor]: precision = 3, errorBoundMode = 1, algo = 4, interpAlgo = 0, dataSize = 100000000
[DEBUG SZCompressor]: compression time = 226 ms
[DEBUG SZCompressor]: precision = 3, errorBoundMode = 1, algo = 4, interpAlgo = 0, dataSize = 100000000
[DEBUG SZCompressor]: compression time = 186 ms
[DEBUG SZCompressor]: precision = 3, errorBoundMode = 1, algo = 4, interpAlgo = 0, dataSize = 100000000
[DEBUG SZCompressor]: compression time = 170 ms
[DEBUG SZCompressor]: decompression time = 68 ms
[DEBUG SZCompressor]: decompression time = 70 ms
[DEBUG SZCompressor]: decompression time = 69 ms
[DEBUG SZCompressor]: decompression time = 67 ms
[DEBUG SZCompressor]: decompression time = 67 ms
[DEBUG benchmark] Compressor: SZ
[DEBUG benchmark] Compression time: 387 ms
[DEBUG benchmark] Decompression time: 104 ms
[DEBUG benchmark] Compression ratio: 1.08204
[DEBUG benchmark] Compressed data size: 92418 KB
[DEBUG benchmark] Original data size: 100000 KB
Parameters:
  doTrunk: 0
  doSZ: 1
  iterations: 5
  precision: 3
  debug: 1
  dataMB: 100
  dataSource: normal
  seed: 12345
  mean: 0
  stddev: 1
  trunkCompressionLevel: 9
  szErrorBoundMode: 1
  szAlgo: 4
  szInterpAlgo: 1
  host: Morgana
  timestamp: 1745380024605395629

[DEBUG SZCompressor]: precision = 3, errorBoundMode = 1, algo = 4, interpAlgo = 1, dataSize = 100000000
[DEBUG SZCompressor]: compression time = 189 ms
[DEBUG SZCompressor]: precision = 3, errorBoundMode = 1, algo = 4, interpAlgo = 1, dataSize = 100000000
[DEBUG SZCompressor]: compression time = 159 ms
[DEBUG SZCompressor]: precision = 3, errorBoundMode = 1, algo = 4, interpAlgo = 1, dataSize = 100000000
[DEBUG SZCompressor]: compression time = 205 ms
[DEBUG SZCompressor]: precision = 3, errorBoundMode = 1, algo = 4, interpAlgo = 1, dataSize = 100000000
[DEBUG SZCompressor]: compression time = 160 ms
[DEBUG SZCompressor]: precision = 3, errorBoundMode = 1, algo = 4, interpAlgo = 1, dataSize = 100000000
[DEBUG SZCompressor]: compression time = 165 ms
[DEBUG SZCompressor]: decompression time = 64 ms
[DEBUG SZCompressor]: decompression time = 64 ms
[DEBUG SZCompressor]: decompression time = 65 ms
[DEBUG SZCompressor]: decompression time = 64 ms
[DEBUG SZCompressor]: decompression time = 64 ms
[DEBUG benchmark] Compressor: SZ
[DEBUG benchmark] Compression time: 371.2 ms
[DEBUG benchmark] Decompression time: 88.2 ms
[DEBUG benchmark] Compression ratio: 1.08204
[DEBUG benchmark] Compressed data size: 92418 KB
[DEBUG benchmark] Original data size: 100000 KB
